-------------------------------------------------------------------------------
Test set: com.testek.api.features.supplierFeatures.UpdateSupplierTestCase
-------------------------------------------------------------------------------
Tests run: 11, Failures: 7, Errors: 0, Skipped: 0, Time elapsed: 24.513 s <<< FAILURE! - in com.testek.api.features.supplierFeatures.UpdateSupplierTestCase
com.testek.api.features.supplierFeatures.UpdateSupplierTestCase.updateSupplierNotSuccess(SupplierModel, int)[1]  Time elapsed: 6.84 s  <<< FAILURE!
java.lang.AssertionError: 
Expected: a value that is equal to: <400>
Actual:   <200>
	at automation.testek.api@1.0-SNAPSHOT/com.testek.api.features.supplierFeatures.UpdateSupplierTestCase.updateSupplierNotSuccess(UpdateSupplierTestCase.java:69)

com.testek.api.features.supplierFeatures.UpdateSupplierTestCase.updateSupplierNotSuccess(SupplierModel, int)[2]  Time elapsed: 1.861 s  <<< FAILURE!
java.lang.AssertionError: 
Expected: a value that is equal to: <400>
Actual:   <200>
	at automation.testek.api@1.0-SNAPSHOT/com.testek.api.features.supplierFeatures.UpdateSupplierTestCase.updateSupplierNotSuccess(UpdateSupplierTestCase.java:69)

com.testek.api.features.supplierFeatures.UpdateSupplierTestCase.updateSupplierNotSuccess(SupplierModel, int)[3]  Time elapsed: 1.565 s  <<< FAILURE!
java.lang.AssertionError: 
Expected: a value that is equal to: <400>
Actual:   <200>
	at automation.testek.api@1.0-SNAPSHOT/com.testek.api.features.supplierFeatures.UpdateSupplierTestCase.updateSupplierNotSuccess(UpdateSupplierTestCase.java:69)

com.testek.api.features.supplierFeatures.UpdateSupplierTestCase.updateSupplierNotSuccess(SupplierModel, int)[4]  Time elapsed: 1.657 s  <<< FAILURE!
java.lang.AssertionError: 
Expected: a value that is equal to: <400>
Actual:   <200>
	at automation.testek.api@1.0-SNAPSHOT/com.testek.api.features.supplierFeatures.UpdateSupplierTestCase.updateSupplierNotSuccess(UpdateSupplierTestCase.java:69)

com.testek.api.features.supplierFeatures.UpdateSupplierTestCase.updateSupplierNotSuccess(SupplierModel, int)[5]  Time elapsed: 1.557 s  <<< FAILURE!
java.lang.AssertionError: 
Expected: a value that is equal to: <400>
Actual:   <200>
	at automation.testek.api@1.0-SNAPSHOT/com.testek.api.features.supplierFeatures.UpdateSupplierTestCase.updateSupplierNotSuccess(UpdateSupplierTestCase.java:69)

com.testek.api.features.supplierFeatures.UpdateSupplierTestCase.updateSupplierNotSuccess(SupplierModel, int)[6]  Time elapsed: 1.909 s  <<< FAILURE!
java.lang.AssertionError: 
Expected: a value that is equal to: <400>
Actual:   <200>
	at automation.testek.api@1.0-SNAPSHOT/com.testek.api.features.supplierFeatures.UpdateSupplierTestCase.updateSupplierNotSuccess(UpdateSupplierTestCase.java:69)

com.testek.api.features.supplierFeatures.UpdateSupplierTestCase.updateSupplierNotSuccess(SupplierModel, int)[7]  Time elapsed: 1.487 s  <<< FAILURE!
java.lang.AssertionError: 
Expected: a value that is equal to: <400>
Actual:   <200>
	at automation.testek.api@1.0-SNAPSHOT/com.testek.api.features.supplierFeatures.UpdateSupplierTestCase.updateSupplierNotSuccess(UpdateSupplierTestCase.java:69)

