<?xml version="1.0" encoding="UTF-8"?>
<testsuite xmlns:xsi="http://www.w3.org/2001/XMLSchema-instance" xsi:noNamespaceSchemaLocation="https://maven.apache.org/surefire/maven-failsafe-plugin/xsd/failsafe-test-report-3.0.xsd" version="3.0" name="com.testek.api.features.categoryFeatures.CreateCategoryTestCase" time="18.337" tests="8" errors="0" skipped="0" failures="1">
  <properties>
[...]
</properties>
  <testcase name="CreateCateDuplicateName" classname="com.testek.api.features.categoryFeatures.CreateCategoryTestCase" time="7.069">
    <system-out><![CDATA[13:37:59.526 [main] INFO net.serenitybdd.junit5.JUnit5DataDrivenAnnotations -- GetParameterTablesFromMethodSource: Put parameter dataTableName com.testek.api.features.categoryFeatures.CreateCategoryTestCase.CreateCateSuccess [[CategoryModel(id=null, cateDesc=testcase create category success, categoryName=CTT001, status=ACTIVE)], [CategoryModel(id=null, cateDesc=null, categoryName=CTT001, status=ACTIVE)], [CategoryModel(id=null, cateDesc=testcase create category success, categoryName=CTT001, status=INACTIVE)]]
13:37:59.552 [main] INFO net.serenitybdd.junit5.JUnit5DataDrivenAnnotations -- GetParameterTablesFromMethodSource: Put parameter dataTableName com.testek.api.features.categoryFeatures.CreateCategoryTestCase.CreateCateWithNameInvalid [[CategoryModel(id=null, cateDesc=testcase create category not success, categoryName=null, status=ACTIVE)], [CategoryModel(id=null, cateDesc=testcase create category not success, categoryName=, status=ACTIVE)], [CategoryModel(id=null, cateDesc=testcase create category not success, categoryName= , status=ACTIVE)], [CategoryModel(id=null, cateDesc=testcase create category success, categoryName=CTT001, status=AHD)]]
13:38:00.038 [main] INFO  -- 

-------------------------------------------------------------------------------------
     _______. _______ .______       _______ .__   __.  __  .___________.____    ____ 
    /       ||   ____||   _  \     |   ____||  \ |  | |  | |           |\   \  /   / 
   |   (----`|  |__   |  |_)  |    |  |__   |   \|  | |  | `---|  |----` \   \/   /  
    \   \    |   __|  |      /     |   __|  |  . `  | |  |     |  |       \_    _/   
.----)   |   |  |____ |  |\  \----.|  |____ |  |\   | |  |     |  |         |  |     
|_______/    |_______|| _| `._____||_______||__| \__| |__|     |__|         |__|    
                                                                                     
 News and tutorials at https://serenity-bdd.info                                     
 Documentation at https://serenity-bdd.github.io                                     
 Test Automation Training and Coaching: https://www.serenity-dojo.com                
 Commercial Support: https://www.serenity-dojo.com/serenity-bdd-enterprise-support   
 Join the Serenity Community on Gitter: https://gitter.im/serenity-bdd/serenity-core 
-------------------------------------------------------------------------------------

13:38:00.043 [main] DEBUG net.thucydides.core.steps.StepEventBus -- Test suite started for CreateCategoryTestCase in class com.testek.api.features.categoryFeatures.CreateCategoryTestCase
13:38:00.062 [main] INFO  -- Test Suite Started: CreateCategoryTestCase
13:38:00.520 [main] DEBUG net.thucydides.core.steps.StepEventBus -- Test suite started for CreateCategoryTestCase in class com.testek.api.features.categoryFeatures.CreateCategoryTestCase
13:38:00.521 [main] INFO  -- Test Suite Started: CreateCategoryTestCase
13:38:00.522 [main] DEBUG net.serenitybdd.junit5.SerenityTestExecutionListener -- Thread[main,5,main] Test started TestIdentifier [uniqueId = [engine:junit-jupiter]/[class:com.testek.api.features.categoryFeatures.CreateCategoryTestCase]/[method:CreateCateDuplicateName()], parentId = [engine:junit-jupiter]/[class:com.testek.api.features.categoryFeatures.CreateCategoryTestCase], displayName = 'CreateCateDuplicateName()', legacyReportingName = 'CreateCateDuplicateName()', source = MethodSource [className = 'com.testek.api.features.categoryFeatures.CreateCategoryTestCase', methodName = 'CreateCateDuplicateName', methodParameterTypes = ''], tags = [], type = TEST]
13:38:00.564 [main] INFO  -- 
  _____   ___   ___   _____     ___   _____     _     ___   _____   ___   ___  
 |_   _| | __| / __| |_   _|   / __| |_   _|   /_\   | _ \ |_   _| | __| |   \ 
   | |   | _|  \__ \   | |     \__ \   | |    / _ \  |   /   | |   | _|  | |) |
   |_|   |___| |___/   |_|     |___/   |_|   /_/ \_\ |_|_\   |_|   |___| |___/ 

CreateCateDuplicateName()([engine:junit-jupiter]/[class:com.testek.api.features.categoryFeatures.CreateCategoryTestCase]/[method:CreateCateDuplicateName()])
--------------------------------------------------------------------------------
13:38:01.226 [main] DEBUG net.thucydides.core.steps.StepInterceptor -- STARTING STEP: LoginTask.performAs - {0} executes a POST on the resource #resource
Request URI:	http://tapi.testek.vn/api/v0/prod-man/login-with-local
Body:
{
    "username": "testek",
    "password": "admin"
}
HTTP/1.1 200 
Vary: Origin
Vary: Access-Control-Request-Method
Vary: Access-Control-Request-Headers
X-Content-Type-Options: nosniff
X-XSS-Protection: 1; mode=block
Cache-Control: no-cache, no-store, max-age=0, must-revalidate
Pragma: no-cache
Expires: 0
X-Frame-Options: DENY
Content-Type: application/json
Transfer-Encoding: chunked
Date: Fri, 11 Oct 2024 06:38:06 GMT
Keep-Alive: timeout=60
Connection: keep-alive

{
    "access_token": "eyJhbGciOiJSUzI1NiIsInR5cCI6IkpXVCJ9.eyJzdWIiOiJmYmRlMDliNS1iYzJkLTRmNTEtYjQ2Zi01MTE2MWZhNWJiNDYiLCJhdWQiOlsib2F1dGgyLXJlc291cmNlIl0sInVzZXJfbmFtZSI6ImZiZGUwOWI1LWJjMmQtNGY1MS1iNDZmLTUxMTYxZmE1YmI0NiIsInNjb3BlIjpbInJlYWQiXSwiZXhwIjoxNzI4NjMyMjg2LCJpYXQiOjE3Mjg2Mjg2ODYsImp0aSI6ImQ4OWNmMDhiLWEyMjQtNDA4NC1iZWI3LWExMmYxMDEzODllMSIsImNsaWVudF9pZCI6ImYxMzU0OTg2LWU2OTgtNDcxMi1iYTk0LWU5NGIxMGJmMWI1OCJ9.aWxDG1XDf0GzmbIQfqGeF90wXUdDsEos5XJUe2tjSz5oDiSuKmpTJz53hSoZHmvoWQ5zA_rhWaZ1wsoZ7XHx0HLEZEPDCia9IXNtWedM5DKB7GXW3R85TYZy5yvWpRXqplSArx-qNW_5cgDPtZthNlk3IlCg-iAdhQayu3lnJHInd9MW8qo7xvhzE38I7gflFZ4BNwyc7tDw7NCZbLKgpNLPKu8ZkZgEMsCsuSdHt5Y2WBT_cofGE6DgcmSonFBH_0DIiBSURpyXMuHDCsJVJB9YBhDTqQpbQOq9GHAsbM8pDrjy2nPNoopQyO3ivsJiN7QdsVOuTHOJ_lxum3COJQ",
    "refresh_token": "eyJhbGciOiJSUzI1NiIsInR5cCI6IkpXVCJ9.eyJzdWIiOiJmYmRlMDliNS1iYzJkLTRmNTEtYjQ2Zi01MTE2MWZhNWJiNDYiLCJhdWQiOlsib2F1dGgyLXJlc291cmNlIl0sInVzZXJfbmFtZSI6ImZiZGUwOWI1LWJjMmQtNGY1MS1iNDZmLTUxMTYxZmE1YmI0NiIsInNjb3BlIjpbInJlYWQiXSwiYXRpIjoiZDg5Y2YwOGItYTIyNC00MDg0LWJlYjctYTEyZjEwMTM4OWUxIiwiZXhwIjoxNzMxMjIwNjg2LCJpYXQiOjE3Mjg2Mjg2ODYsImp0aSI6ImQwMTk1MmVkLWZiZDYtNDRjZi1hYjZhLWRiYjgxMGYzZTcxYiIsImNsaWVudF9pZCI6ImYxMzU0OTg2LWU2OTgtNDcxMi1iYTk0LWU5NGIxMGJmMWI1OCJ9.WIWNM8iikOoSfS7wNq04eUveDrIcp0xUPfJQnb9kVmy3XQub3tTpnpmnaW6SmhF5DFo7AS7POtC3ooKwW92OftRlVUH001qZW2u91RbqAVW0V2OtS-WQqyAo05IOE5H6mtoj7R_8O05Ybkf5XmMrgtTCWtn2u0AThJxYglWo_3VqQDXQMJ5eMlCiNuWtjPbdHhv5ZnsJiHUVeyPlIUCyX5KczHzh8adFxjtbioU_zJtGNlJJ3LZA7jnUX94HD48CN-meQXYFzAalCE4PytOt56SuVJS-EeNnAwmTrs0vz2-QDMAEPTh2eio_dUPLgUPj3F1FK7tK6-TGBunoUP5QDA",
    "expires_in": 3599,
    "token_type": "bearer"
}
13:38:06.145 [main] DEBUG net.thucydides.core.steps.StepInterceptor -- STEP DONE: {0} executes a POST on the resource #resource
get token in response
13:38:06.933 [main] DEBUG net.thucydides.core.steps.StepInterceptor -- STARTING STEP: CreateCategoryTask.performAs - {0} executes a POST on the resource #resource
Request URI:	http://tapi.testek.vn/api/v0/prod-man/category
Body:
{
    "id": null,
    "cateDesc": "Create duplicate name",
    "categoryName": "CTT001",
    "status": "ACTIVE"
}
{
    "code": 200,
    "data": {
        "id": "4a0af03c-8ee1-4dd0-9189-8ad19e0b411d",
        "categoryName": "CTT001",
        "cateDesc": "Create duplicate name",
        "status": "ACTIVE"
    }
}
HTTP/1.1 201 
13:38:07.120 [main] DEBUG net.thucydides.core.steps.StepInterceptor -- STEP DONE: {0} executes a POST on the resource #resource
13:38:07.208 [main] DEBUG net.thucydides.core.steps.StepInterceptor -- STARTING STEP: CreateCategoryTask.performAs - {0} executes a POST on the resource #resource
Request URI:	http://tapi.testek.vn/api/v0/prod-man/category
Body:
{
    "id": null,
    "cateDesc": "Create duplicate name",
    "categoryName": "CTT001",
    "status": "ACTIVE"
}
{
    "code": 4001201,
    "message": "Category already exists {0}",
    "error": "CATEGORY_EXISTED"
}
HTTP/1.1 400 
13:38:07.366 [main] DEBUG net.thucydides.core.steps.StepInterceptor -- STEP DONE: {0} executes a POST on the resource #resource
13:38:07.385 [main] DEBUG net.thucydides.core.steps.StepInterceptor -- STARTING STEP: CreateCategoryTestCase.CreateCateDuplicateName - {0} should see #description
13:38:07.397 [main] DEBUG net.thucydides.core.steps.StepInterceptor -- STEP DONE: {0} should see #description
13:38:07.401 [main] DEBUG net.thucydides.core.steps.StepInterceptor -- STARTING STEP: CreateCategoryTestCase.CreateCateDuplicateName - {0} should see #description
13:38:07.421 [main] DEBUG net.thucydides.core.steps.StepInterceptor -- STEP DONE: {0} should see #description
13:38:07.425 [main] DEBUG net.thucydides.core.steps.StepInterceptor -- STARTING STEP: CreateCategoryTestCase.CreateCateDuplicateName - {0} should see #description
13:38:07.441 [main] DEBUG net.thucydides.core.steps.StepInterceptor -- STEP DONE: {0} should see #description
13:38:07.470 [main] DEBUG net.thucydides.core.steps.StepInterceptor -- STARTING STEP: DeleteCategoryTask.performAs - {0} executes a DELETE on the resource #resource
Request URI:	http://tapi.testek.vn/api/v0/prod-man/category/4a0af03c-8ee1-4dd0-9189-8ad19e0b411d?isSoft=false
Body:			<none>
{
    "code": 200,
    "data": "Success"
}
HTTP/1.1 200 
13:38:07.672 [main] DEBUG net.thucydides.core.steps.StepInterceptor -- STEP DONE: {0} executes a DELETE on the resource #resource
]]></system-out>
  </testcase>
  <testcase name="CreateCateWithNameInvalid(CategoryModel)[1]" classname="com.testek.api.features.categoryFeatures.CreateCategoryTestCase" time="1.298">
    <system-out><![CDATA[13:38:07.700 [main] INFO  -- 
  _____   ___   ___   _____     ___     _     ___   ___   ___   ___  
 |_   _| | __| / __| |_   _|   | _ \   /_\   / __| / __| | __| |   \ 
   | |   | _|  \__ \   | |     |  _/  / _ \  \__ \ \__ \ | _|  | |) |
   |_|   |___| |___/   |_|     |_|   /_/ \_\ |___/ |___/ |___| |___/ 

Create cate duplicate name
----------------------------------------------------------------------
13:38:08.081 [main] DEBUG net.thucydides.core.steps.StepEventBus -- Test suite started for CreateCategoryTestCase in class com.testek.api.features.categoryFeatures.CreateCategoryTestCase
13:38:08.082 [main] INFO  -- Test Suite Started: CreateCategoryTestCase
13:38:08.082 [main] DEBUG net.serenitybdd.junit5.SerenityTestExecutionListener -- Thread[main,5,main] Test started TestIdentifier [uniqueId = [engine:junit-jupiter]/[class:com.testek.api.features.categoryFeatures.CreateCategoryTestCase]/[test-template:CreateCateWithNameInvalid(com.testek.api.models.CategoryModel)]/[test-template-invocation:#1], parentId = [engine:junit-jupiter]/[class:com.testek.api.features.categoryFeatures.CreateCategoryTestCase]/[test-template:CreateCateWithNameInvalid(com.testek.api.models.CategoryModel)], displayName = '[1] CategoryModel(id=null, cateDesc=testcase create category not success, categoryName=null, status=ACTIVE)', legacyReportingName = 'CreateCateWithNameInvalid(CategoryModel)[1]', source = MethodSource [className = 'com.testek.api.features.categoryFeatures.CreateCategoryTestCase', methodName = 'CreateCateWithNameInvalid', methodParameterTypes = 'com.testek.api.models.CategoryModel'], tags = [], type = TEST]
13:38:08.090 [main] INFO  -- 
  _____   ___   ___   _____     ___   _____     _     ___   _____   ___   ___  
 |_   _| | __| / __| |_   _|   / __| |_   _|   /_\   | _ \ |_   _| | __| |   \ 
   | |   | _|  \__ \   | |     \__ \   | |    / _ \  |   /   | |   | _|  | |) |
   |_|   |___| |___/   |_|     |___/   |_|   /_/ \_\ |_|_\   |_|   |___| |___/ 

Create cate with name invalid[1] CategoryModel(id=null, cateDesc=testcase create category not success, categoryName=null, status=ACTIVE)([engine:junit-jupiter]/[class:com.testek.api.features.categoryFeatures.CreateCategoryTestCase]/[test-template:CreateCateWithNameInvalid(com.testek.api.models.CategoryModel)]/[test-template-invocation:#1])
--------------------------------------------------------------------------------
13:38:08.109 [main] DEBUG net.thucydides.core.steps.StepInterceptor -- STARTING STEP: LoginTask.performAs - {0} executes a POST on the resource #resource
Request URI:	http://tapi.testek.vn/api/v0/prod-man/login-with-local
Body:
{
    "username": "testek",
    "password": "admin"
}
HTTP/1.1 200 
Vary: Origin
Vary: Access-Control-Request-Method
Vary: Access-Control-Request-Headers
X-Content-Type-Options: nosniff
X-XSS-Protection: 1; mode=block
Cache-Control: no-cache, no-store, max-age=0, must-revalidate
Pragma: no-cache
Expires: 0
X-Frame-Options: DENY
Content-Type: application/json
Transfer-Encoding: chunked
Date: Fri, 11 Oct 2024 06:38:09 GMT
Keep-Alive: timeout=60
Connection: keep-alive

{
    "access_token": "eyJhbGciOiJSUzI1NiIsInR5cCI6IkpXVCJ9.eyJzdWIiOiJmYmRlMDliNS1iYzJkLTRmNTEtYjQ2Zi01MTE2MWZhNWJiNDYiLCJhdWQiOlsib2F1dGgyLXJlc291cmNlIl0sInVzZXJfbmFtZSI6ImZiZGUwOWI1LWJjMmQtNGY1MS1iNDZmLTUxMTYxZmE1YmI0NiIsInNjb3BlIjpbInJlYWQiXSwiZXhwIjoxNzI4NjMyMjg5LCJpYXQiOjE3Mjg2Mjg2ODksImp0aSI6Ijc5OWY4MTQ2LTAzZDMtNGFmMi1iMTQ2LTRjZTBlMGNkMzI1YyIsImNsaWVudF9pZCI6ImYxMzU0OTg2LWU2OTgtNDcxMi1iYTk0LWU5NGIxMGJmMWI1OCJ9.D7gnL81f5MfmpYMCj9g-x3sX4QfcxkkAvBsF1NPRLGGVV0y2caW0Cu6YcBM4voJj_apzRqJuOGGDJWgsi-dYhCWgg5yBBCkODH0TJ5rE8N5TB_mtFBKnSvilVpOCuHSDQ3IA9tsqRapk-rJMt-tzZdJyPnIKPcHz2DRJtSLTRR2a5-dWBg_5uUQgXpwUOhWGfoufzCreIF3Em9oCFcumNweIBGu81jCETQd7hfExsywjJoLE5o3vm0-S0bexAM6voWbSVLw0m-btzq9qTe3bTFa5IPOzW1Pr_EHYCCwDMv7JlQqASLCw0Qzy5LwCEz81HWTZrYI1gJYQ4M6ZrUv7vQ",
    "refresh_token": "eyJhbGciOiJSUzI1NiIsInR5cCI6IkpXVCJ9.eyJzdWIiOiJmYmRlMDliNS1iYzJkLTRmNTEtYjQ2Zi01MTE2MWZhNWJiNDYiLCJhdWQiOlsib2F1dGgyLXJlc291cmNlIl0sInVzZXJfbmFtZSI6ImZiZGUwOWI1LWJjMmQtNGY1MS1iNDZmLTUxMTYxZmE1YmI0NiIsInNjb3BlIjpbInJlYWQiXSwiYXRpIjoiNzk5ZjgxNDYtMDNkMy00YWYyLWIxNDYtNGNlMGUwY2QzMjVjIiwiZXhwIjoxNzMxMjIwNjg5LCJpYXQiOjE3Mjg2Mjg2ODksImp0aSI6ImRiMDJjMWYzLWY3NWUtNDMyYy1iOTg3LTg4ODRmMDY4NmYyZCIsImNsaWVudF9pZCI6ImYxMzU0OTg2LWU2OTgtNDcxMi1iYTk0LWU5NGIxMGJmMWI1OCJ9.NpAk6tbKkFV6nzlcBGcoWNgevzsmifftKZ8TczqFRzpmZA_gEO8bfFrKY2i6fnsQrs_u8vgkeoHMAP0lkiMgtZ_bN7AiNnrWfB5G0PlvxP6TIep1U_Bj6M-xiq4fk2UG2K3lA5L3yOnjCKrHn9zNyCXHUJS6OYNpPfDPpFKTq42WU4k7lb9DqrXMx0IWhlSthlwR0w402wOgy-K5coBGbbhZMD87tczoJ_GRcjJei90VYVzCFfIozFHKO3aXJSBln23LEYsyIIwBoH5L-jdh6H3wJOVf-l-Ux14-Ls_jy1UyEXpnvT_FqUhABnbeUeMtjBhEgHKWY6b8G1bElV_Y1A",
    "expires_in": 3599,
    "token_type": "bearer"
}
13:38:09.122 [main] DEBUG net.thucydides.core.steps.StepInterceptor -- STEP DONE: {0} executes a POST on the resource #resource
get token in response
13:38:09.177 [main] DEBUG net.thucydides.core.steps.StepInterceptor -- STARTING STEP: CreateCategoryTask.performAs - {0} executes a POST on the resource #resource
Request URI:	http://tapi.testek.vn/api/v0/prod-man/category
Body:
{
    "id": null,
    "cateDesc": "testcase create category not success",
    "categoryName": null,
    "status": "ACTIVE"
}
{
    "code": 400,
    "message": "Dữ liệu nhập không hợp lệ",
    "error": "INVALID_INPUT",
    "errors": [
        {
            "field": "categoryName",
            "objectName": "createCategoryRequest",
            "message": "CATEGORY_NAME_REQUIRED",
            "error": "CATEGORY_NAME_REQUIRED"
        }
    ]
}
HTTP/1.1 400 
13:38:09.329 [main] DEBUG net.thucydides.core.steps.StepInterceptor -- STEP DONE: {0} executes a POST on the resource #resource
13:38:09.337 [main] DEBUG net.thucydides.core.steps.StepInterceptor -- STARTING STEP: CreateCategoryTestCase.CreateCateWithNameInvalid - {0} should see #description
13:38:09.347 [main] DEBUG net.thucydides.core.steps.StepInterceptor -- STEP DONE: {0} should see #description
13:38:09.352 [main] DEBUG net.thucydides.core.steps.StepInterceptor -- STARTING STEP: CreateCategoryTestCase.CreateCateWithNameInvalid - {0} should see #description
13:38:09.371 [main] DEBUG net.thucydides.core.steps.StepInterceptor -- STEP DONE: {0} should see #description
13:38:09.375 [main] DEBUG net.thucydides.core.steps.StepInterceptor -- STARTING STEP: CreateCategoryTestCase.CreateCateWithNameInvalid - {0} should see #description
13:38:09.394 [main] DEBUG net.thucydides.core.steps.StepInterceptor -- STEP DONE: {0} should see #description
]]></system-out>
  </testcase>
  <testcase name="CreateCateWithNameInvalid(CategoryModel)[2]" classname="com.testek.api.features.categoryFeatures.CreateCategoryTestCase" time="1.272">
    <system-out><![CDATA[13:38:09.402 [main] INFO  -- 
  _____   ___   ___   _____     ___     _     ___   ___   ___   ___  
 |_   _| | __| / __| |_   _|   | _ \   /_\   / __| / __| | __| |   \ 
   | |   | _|  \__ \   | |     |  _/  / _ \  \__ \ \__ \ | _|  | |) |
   |_|   |___| |___/   |_|     |_|   /_/ \_\ |___/ |___/ |___| |___/ 

Create cate with name invalid[1] CategoryModel(id=null, cateDesc=testcase create category not success, categoryName=null, status=ACTIVE)
----------------------------------------------------------------------
13:38:09.430 [main] DEBUG net.thucydides.core.steps.StepEventBus -- Test suite started for CreateCategoryTestCase in class com.testek.api.features.categoryFeatures.CreateCategoryTestCase
13:38:09.431 [main] INFO  -- Test Suite Started: CreateCategoryTestCase
13:38:09.432 [main] DEBUG net.serenitybdd.junit5.SerenityTestExecutionListener -- Thread[main,5,main] Test started TestIdentifier [uniqueId = [engine:junit-jupiter]/[class:com.testek.api.features.categoryFeatures.CreateCategoryTestCase]/[test-template:CreateCateWithNameInvalid(com.testek.api.models.CategoryModel)]/[test-template-invocation:#2], parentId = [engine:junit-jupiter]/[class:com.testek.api.features.categoryFeatures.CreateCategoryTestCase]/[test-template:CreateCateWithNameInvalid(com.testek.api.models.CategoryModel)], displayName = '[2] CategoryModel(id=null, cateDesc=testcase create category not success, categoryName=, status=ACTIVE)', legacyReportingName = 'CreateCateWithNameInvalid(CategoryModel)[2]', source = MethodSource [className = 'com.testek.api.features.categoryFeatures.CreateCategoryTestCase', methodName = 'CreateCateWithNameInvalid', methodParameterTypes = 'com.testek.api.models.CategoryModel'], tags = [], type = TEST]
13:38:09.438 [main] INFO  -- 
  _____   ___   ___   _____     ___   _____     _     ___   _____   ___   ___  
 |_   _| | __| / __| |_   _|   / __| |_   _|   /_\   | _ \ |_   _| | __| |   \ 
   | |   | _|  \__ \   | |     \__ \   | |    / _ \  |   /   | |   | _|  | |) |
   |_|   |___| |___/   |_|     |___/   |_|   /_/ \_\ |_|_\   |_|   |___| |___/ 

Create cate with name invalid[2] CategoryModel(id=null, cateDesc=testcase create category not success, categoryName=, status=ACTIVE)([engine:junit-jupiter]/[class:com.testek.api.features.categoryFeatures.CreateCategoryTestCase]/[test-template:CreateCateWithNameInvalid(com.testek.api.models.CategoryModel)]/[test-template-invocation:#2])
--------------------------------------------------------------------------------
13:38:09.447 [main] DEBUG net.thucydides.core.steps.StepInterceptor -- STARTING STEP: LoginTask.performAs - {0} executes a POST on the resource #resource
Request URI:	http://tapi.testek.vn/api/v0/prod-man/login-with-local
Body:
{
    "username": "testek",
    "password": "admin"
}
HTTP/1.1 200 
Vary: Origin
Vary: Access-Control-Request-Method
Vary: Access-Control-Request-Headers
X-Content-Type-Options: nosniff
X-XSS-Protection: 1; mode=block
Cache-Control: no-cache, no-store, max-age=0, must-revalidate
Pragma: no-cache
Expires: 0
X-Frame-Options: DENY
Content-Type: application/json
Transfer-Encoding: chunked
Date: Fri, 11 Oct 2024 06:38:11 GMT
Keep-Alive: timeout=60
Connection: keep-alive

{
    "access_token": "eyJhbGciOiJSUzI1NiIsInR5cCI6IkpXVCJ9.eyJzdWIiOiJmYmRlMDliNS1iYzJkLTRmNTEtYjQ2Zi01MTE2MWZhNWJiNDYiLCJhdWQiOlsib2F1dGgyLXJlc291cmNlIl0sInVzZXJfbmFtZSI6ImZiZGUwOWI1LWJjMmQtNGY1MS1iNDZmLTUxMTYxZmE1YmI0NiIsInNjb3BlIjpbInJlYWQiXSwiZXhwIjoxNzI4NjMyMjkxLCJpYXQiOjE3Mjg2Mjg2OTEsImp0aSI6IjlhMDNlNmNjLWE4ZDEtNDkwMy05Yjk2LTQyOTBiYmZiZGI3MyIsImNsaWVudF9pZCI6ImYxMzU0OTg2LWU2OTgtNDcxMi1iYTk0LWU5NGIxMGJmMWI1OCJ9.LtDOF9cPzh6T1Vr3XjrtXPOPuSp32AbRl4SyaRb_t_ml2AXVpwIKqBUcFSknpUzG4XmsIkfF3VQ34IGAOpzdHhPIJoeVFPUAfAf9DwRWPditp8g9d2oLrt7QrsrBB6e8A8o6T95gpAo8r42Xp_kEdMAgq6JzKZQObvFSRtwsLXAgKb8v24FGYs_17WCS_xZ9BiS91V-asK44QnSo8BJObwovrJwWP0X5No_Fx2wwWn-9p6GlcLY72SzuAyz46bzn4GwNJtagmHFN_Ra94ojYbDS3hTSlJKAUUwdQCPM4HDyZFKcZeM5---IyFehSyYYn511xmqqLpgth_W5ff4G6gw",
    "refresh_token": "eyJhbGciOiJSUzI1NiIsInR5cCI6IkpXVCJ9.eyJzdWIiOiJmYmRlMDliNS1iYzJkLTRmNTEtYjQ2Zi01MTE2MWZhNWJiNDYiLCJhdWQiOlsib2F1dGgyLXJlc291cmNlIl0sInVzZXJfbmFtZSI6ImZiZGUwOWI1LWJjMmQtNGY1MS1iNDZmLTUxMTYxZmE1YmI0NiIsInNjb3BlIjpbInJlYWQiXSwiYXRpIjoiOWEwM2U2Y2MtYThkMS00OTAzLTliOTYtNDI5MGJiZmJkYjczIiwiZXhwIjoxNzMxMjIwNjkwLCJpYXQiOjE3Mjg2Mjg2OTEsImp0aSI6ImJjMjJhOTg4LTJiM2MtNDM0My05YjBmLWU1ZTRjYjBlNjJjYiIsImNsaWVudF9pZCI6ImYxMzU0OTg2LWU2OTgtNDcxMi1iYTk0LWU5NGIxMGJmMWI1OCJ9.QF4rf-Lzir47QnBYuItTfpAZkcSeSQJg68vlIpRj6OyFFq6YN9VnLFwY48yglxQ7NDSewaSaxRFYS6ZxjrFnSb2Ln0gTnczpTI2v9Q5-wA7end8R-oOSzQYhqQgieqROM9J7BSq6fj7yuTG1mSW3qBqYt1Qcb9riDDsetOceT3iKah0RQSiKfg9rqxBgcMlv2Y_njhSEYWIyqQlWGJTXV1XD3-FSHol3PTF2REvHqgugFIbC5xFjs3ycpnydmj9yl7KWPRuTIJKwlGU_mNI4CKb44w_Lf7G8I8Jo9BLmaY3GUHuUQ6uTuAWbCiRgt44EhjNqIFpmXR9_MgyfA5A17g",
    "expires_in": 3599,
    "token_type": "bearer"
}
13:38:10.456 [main] DEBUG net.thucydides.core.steps.StepInterceptor -- STEP DONE: {0} executes a POST on the resource #resource
get token in response
13:38:10.476 [main] DEBUG net.thucydides.core.steps.StepInterceptor -- STARTING STEP: CreateCategoryTask.performAs - {0} executes a POST on the resource #resource
Request URI:	http://tapi.testek.vn/api/v0/prod-man/category
Body:
{
    "id": null,
    "cateDesc": "testcase create category not success",
    "categoryName": "",
    "status": "ACTIVE"
}
{
    "code": 400,
    "message": "Dữ liệu nhập không hợp lệ",
    "error": "INVALID_INPUT",
    "errors": [
        {
            "field": "categoryName",
            "objectName": "createCategoryRequest",
            "message": "CATEGORY_NAME",
            "error": "CATEGORY_NAME"
        },
        {
            "field": "categoryName",
            "objectName": "createCategoryRequest",
            "message": "CATEGORY_NAME_REQUIRED",
            "error": "CATEGORY_NAME_REQUIRED"
        }
    ]
}
HTTP/1.1 400 
13:38:10.643 [main] DEBUG net.thucydides.core.steps.StepInterceptor -- STEP DONE: {0} executes a POST on the resource #resource
13:38:10.648 [main] DEBUG net.thucydides.core.steps.StepInterceptor -- STARTING STEP: CreateCategoryTestCase.CreateCateWithNameInvalid - {0} should see #description
13:38:10.657 [main] DEBUG net.thucydides.core.steps.StepInterceptor -- STEP DONE: {0} should see #description
13:38:10.662 [main] DEBUG net.thucydides.core.steps.StepInterceptor -- STARTING STEP: CreateCategoryTestCase.CreateCateWithNameInvalid - {0} should see #description
13:38:10.685 [main] DEBUG net.thucydides.core.steps.StepInterceptor -- STEP DONE: {0} should see #description
13:38:10.689 [main] DEBUG net.thucydides.core.steps.StepInterceptor -- STARTING STEP: CreateCategoryTestCase.CreateCateWithNameInvalid - {0} should see #description
13:38:10.710 [main] DEBUG net.thucydides.core.steps.StepInterceptor -- STEP DONE: {0} should see #description
]]></system-out>
  </testcase>
  <testcase name="CreateCateWithNameInvalid(CategoryModel)[3]" classname="com.testek.api.features.categoryFeatures.CreateCategoryTestCase" time="1.307">
    <system-out><![CDATA[13:38:10.717 [main] INFO  -- 
  _____   ___   ___   _____     ___     _     ___   ___   ___   ___  
 |_   _| | __| / __| |_   _|   | _ \   /_\   / __| / __| | __| |   \ 
   | |   | _|  \__ \   | |     |  _/  / _ \  \__ \ \__ \ | _|  | |) |
   |_|   |___| |___/   |_|     |_|   /_/ \_\ |___/ |___/ |___| |___/ 

Create cate with name invalid[2] CategoryModel(id=null, cateDesc=testcase create category not success, categoryName=, status=ACTIVE)
----------------------------------------------------------------------
13:38:10.780 [main] DEBUG net.thucydides.core.steps.StepEventBus -- Test suite started for CreateCategoryTestCase in class com.testek.api.features.categoryFeatures.CreateCategoryTestCase
13:38:10.781 [main] INFO  -- Test Suite Started: CreateCategoryTestCase
13:38:10.781 [main] DEBUG net.serenitybdd.junit5.SerenityTestExecutionListener -- Thread[main,5,main] Test started TestIdentifier [uniqueId = [engine:junit-jupiter]/[class:com.testek.api.features.categoryFeatures.CreateCategoryTestCase]/[test-template:CreateCateWithNameInvalid(com.testek.api.models.CategoryModel)]/[test-template-invocation:#3], parentId = [engine:junit-jupiter]/[class:com.testek.api.features.categoryFeatures.CreateCategoryTestCase]/[test-template:CreateCateWithNameInvalid(com.testek.api.models.CategoryModel)], displayName = '[3] CategoryModel(id=null, cateDesc=testcase create category not success, categoryName= , status=ACTIVE)', legacyReportingName = 'CreateCateWithNameInvalid(CategoryModel)[3]', source = MethodSource [className = 'com.testek.api.features.categoryFeatures.CreateCategoryTestCase', methodName = 'CreateCateWithNameInvalid', methodParameterTypes = 'com.testek.api.models.CategoryModel'], tags = [], type = TEST]
13:38:10.787 [main] INFO  -- 
  _____   ___   ___   _____     ___   _____     _     ___   _____   ___   ___  
 |_   _| | __| / __| |_   _|   / __| |_   _|   /_\   | _ \ |_   _| | __| |   \ 
   | |   | _|  \__ \   | |     \__ \   | |    / _ \  |   /   | |   | _|  | |) |
   |_|   |___| |___/   |_|     |___/   |_|   /_/ \_\ |_|_\   |_|   |___| |___/ 

Create cate with name invalid[3] CategoryModel(id=null, cateDesc=testcase create category not success, categoryName= , status=ACTIVE)([engine:junit-jupiter]/[class:com.testek.api.features.categoryFeatures.CreateCategoryTestCase]/[test-template:CreateCateWithNameInvalid(com.testek.api.models.CategoryModel)]/[test-template-invocation:#3])
--------------------------------------------------------------------------------
13:38:10.804 [main] DEBUG net.thucydides.core.steps.StepInterceptor -- STARTING STEP: LoginTask.performAs - {0} executes a POST on the resource #resource
Request URI:	http://tapi.testek.vn/api/v0/prod-man/login-with-local
Body:
{
    "username": "testek",
    "password": "admin"
}
HTTP/1.1 200 
Vary: Origin
Vary: Access-Control-Request-Method
Vary: Access-Control-Request-Headers
X-Content-Type-Options: nosniff
X-XSS-Protection: 1; mode=block
Cache-Control: no-cache, no-store, max-age=0, must-revalidate
Pragma: no-cache
Expires: 0
X-Frame-Options: DENY
Content-Type: application/json
Transfer-Encoding: chunked
Date: Fri, 11 Oct 2024 06:38:12 GMT
Keep-Alive: timeout=60
Connection: keep-alive

{
    "access_token": "eyJhbGciOiJSUzI1NiIsInR5cCI6IkpXVCJ9.eyJzdWIiOiJmYmRlMDliNS1iYzJkLTRmNTEtYjQ2Zi01MTE2MWZhNWJiNDYiLCJhdWQiOlsib2F1dGgyLXJlc291cmNlIl0sInVzZXJfbmFtZSI6ImZiZGUwOWI1LWJjMmQtNGY1MS1iNDZmLTUxMTYxZmE1YmI0NiIsInNjb3BlIjpbInJlYWQiXSwiZXhwIjoxNzI4NjMyMjkyLCJpYXQiOjE3Mjg2Mjg2OTIsImp0aSI6ImRkYTQ0YjM0LWRhZDktNGNkMS1hMGY1LWRhNDA1Yzg3OTllZiIsImNsaWVudF9pZCI6ImYxMzU0OTg2LWU2OTgtNDcxMi1iYTk0LWU5NGIxMGJmMWI1OCJ9.VH_ySkpqz8uimevD8PVWU7TLibRrx_xincb5PMf7oGhROkmLe7O7kxdmvGX3lp9bqcRsdD1zzkvsHmiPNxHzuwp3zYBZm7q1fv3e0vt2jw5de8YRbYl2_AgLNc1pf5Oz47uPb-mfUPGOmt2gSOOdya8qwrd7fXrXuWPV4BmmhxRu8qCsQEHny622VJ1Cat3DWAWZtGU3SV0_iyU5xjPbx2nwMgFtS6f7PYt4EWtvwuf7a9sS90vk6tn_IbFdOvsxn-tN0J8Wu2n2wAVJHcqrD7sd-_fOkcc2v0Fwkn5Mlov21FRa7hTjpsU8NWVJsTzT2tK3h1eAc2DrpopmwY07qw",
    "refresh_token": "eyJhbGciOiJSUzI1NiIsInR5cCI6IkpXVCJ9.eyJzdWIiOiJmYmRlMDliNS1iYzJkLTRmNTEtYjQ2Zi01MTE2MWZhNWJiNDYiLCJhdWQiOlsib2F1dGgyLXJlc291cmNlIl0sInVzZXJfbmFtZSI6ImZiZGUwOWI1LWJjMmQtNGY1MS1iNDZmLTUxMTYxZmE1YmI0NiIsInNjb3BlIjpbInJlYWQiXSwiYXRpIjoiZGRhNDRiMzQtZGFkOS00Y2QxLWEwZjUtZGE0MDVjODc5OWVmIiwiZXhwIjoxNzMxMjIwNjkyLCJpYXQiOjE3Mjg2Mjg2OTIsImp0aSI6ImU2Y2IxMDc2LTFlZjAtNDUwNC04NWVlLWVmZWFiMDI0MjZlYiIsImNsaWVudF9pZCI6ImYxMzU0OTg2LWU2OTgtNDcxMi1iYTk0LWU5NGIxMGJmMWI1OCJ9.GWxsZaE3DLN3Y0c96S1a03w7k7urlw4jfqONkGmeyeNu1OS8X9MGZ3ekCmRXcXBMUONGeKsx2ghtPcKi5Gx5ZUh07Jd5eOmmLDWzaJ5wOypILHtxub9WPTxIyuW6c9wf7f1aHqDDbVhZp_jL_RQCxBtkuRO0aGpCPl-HbwgEGA1eWkPMJTUjAO_Au5YCM6B0JcizPOaf_utFnLJydkmGXK6FqwDN7w69nfU0R8_IItck4SEErL7fuqz3n1x4pj_0AdRBw0LWxYwEu1mg5Olp8B29tcnO7U-3MOxrkIuANWexhSdIsgSBF6e1icNKS52y1YdwEAUu0qyurY9PJx-meg",
    "expires_in": 3599,
    "token_type": "bearer"
}
13:38:11.845 [main] DEBUG net.thucydides.core.steps.StepInterceptor -- STEP DONE: {0} executes a POST on the resource #resource
get token in response
13:38:11.872 [main] DEBUG net.thucydides.core.steps.StepInterceptor -- STARTING STEP: CreateCategoryTask.performAs - {0} executes a POST on the resource #resource
Request URI:	http://tapi.testek.vn/api/v0/prod-man/category
Body:
{
    "id": null,
    "cateDesc": "testcase create category not success",
    "categoryName": " ",
    "status": "ACTIVE"
}
{
    "code": 400,
    "message": "Dữ liệu nhập không hợp lệ",
    "error": "INVALID_INPUT",
    "errors": [
        {
            "field": "categoryName",
            "objectName": "createCategoryRequest",
            "message": "CATEGORY_NAME",
            "error": "CATEGORY_NAME"
        },
        {
            "field": "categoryName",
            "objectName": "createCategoryRequest",
            "message": "CATEGORY_NAME_REQUIRED",
            "error": "CATEGORY_NAME_REQUIRED"
        }
    ]
}
HTTP/1.1 400 
13:38:12.018 [main] DEBUG net.thucydides.core.steps.StepInterceptor -- STEP DONE: {0} executes a POST on the resource #resource
13:38:12.024 [main] DEBUG net.thucydides.core.steps.StepInterceptor -- STARTING STEP: CreateCategoryTestCase.CreateCateWithNameInvalid - {0} should see #description
13:38:12.032 [main] DEBUG net.thucydides.core.steps.StepInterceptor -- STEP DONE: {0} should see #description
13:38:12.037 [main] DEBUG net.thucydides.core.steps.StepInterceptor -- STARTING STEP: CreateCategoryTestCase.CreateCateWithNameInvalid - {0} should see #description
13:38:12.062 [main] DEBUG net.thucydides.core.steps.StepInterceptor -- STEP DONE: {0} should see #description
13:38:12.066 [main] DEBUG net.thucydides.core.steps.StepInterceptor -- STARTING STEP: CreateCategoryTestCase.CreateCateWithNameInvalid - {0} should see #description
13:38:12.090 [main] DEBUG net.thucydides.core.steps.StepInterceptor -- STEP DONE: {0} should see #description
]]></system-out>
  </testcase>
  <testcase name="CreateCateWithNameInvalid(CategoryModel)[4]" classname="com.testek.api.features.categoryFeatures.CreateCategoryTestCase" time="1.286">
    <system-out><![CDATA[13:38:12.107 [main] INFO  -- 
  _____   ___   ___   _____     ___     _     ___   ___   ___   ___  
 |_   _| | __| / __| |_   _|   | _ \   /_\   / __| / __| | __| |   \ 
   | |   | _|  \__ \   | |     |  _/  / _ \  \__ \ \__ \ | _|  | |) |
   |_|   |___| |___/   |_|     |_|   /_/ \_\ |___/ |___/ |___| |___/ 

Create cate with name invalid[3] CategoryModel(id=null, cateDesc=testcase create category not success, categoryName= , status=ACTIVE)
----------------------------------------------------------------------
13:38:12.136 [main] DEBUG net.thucydides.core.steps.StepEventBus -- Test suite started for CreateCategoryTestCase in class com.testek.api.features.categoryFeatures.CreateCategoryTestCase
13:38:12.137 [main] INFO  -- Test Suite Started: CreateCategoryTestCase
13:38:12.138 [main] DEBUG net.serenitybdd.junit5.SerenityTestExecutionListener -- Thread[main,5,main] Test started TestIdentifier [uniqueId = [engine:junit-jupiter]/[class:com.testek.api.features.categoryFeatures.CreateCategoryTestCase]/[test-template:CreateCateWithNameInvalid(com.testek.api.models.CategoryModel)]/[test-template-invocation:#4], parentId = [engine:junit-jupiter]/[class:com.testek.api.features.categoryFeatures.CreateCategoryTestCase]/[test-template:CreateCateWithNameInvalid(com.testek.api.models.CategoryModel)], displayName = '[4] CategoryModel(id=null, cateDesc=testcase create category success, categoryName=CTT001, status=AHD)', legacyReportingName = 'CreateCateWithNameInvalid(CategoryModel)[4]', source = MethodSource [className = 'com.testek.api.features.categoryFeatures.CreateCategoryTestCase', methodName = 'CreateCateWithNameInvalid', methodParameterTypes = 'com.testek.api.models.CategoryModel'], tags = [], type = TEST]
13:38:12.146 [main] INFO  -- 
  _____   ___   ___   _____     ___   _____     _     ___   _____   ___   ___  
 |_   _| | __| / __| |_   _|   / __| |_   _|   /_\   | _ \ |_   _| | __| |   \ 
   | |   | _|  \__ \   | |     \__ \   | |    / _ \  |   /   | |   | _|  | |) |
   |_|   |___| |___/   |_|     |___/   |_|   /_/ \_\ |_|_\   |_|   |___| |___/ 

Create cate with name invalid[4] CategoryModel(id=null, cateDesc=testcase create category success, categoryName=CTT001, status=AHD)([engine:junit-jupiter]/[class:com.testek.api.features.categoryFeatures.CreateCategoryTestCase]/[test-template:CreateCateWithNameInvalid(com.testek.api.models.CategoryModel)]/[test-template-invocation:#4])
--------------------------------------------------------------------------------
13:38:12.166 [main] DEBUG net.thucydides.core.steps.StepInterceptor -- STARTING STEP: LoginTask.performAs - {0} executes a POST on the resource #resource
Request URI:	http://tapi.testek.vn/api/v0/prod-man/login-with-local
Body:
{
    "username": "testek",
    "password": "admin"
}
HTTP/1.1 200 
Vary: Origin
Vary: Access-Control-Request-Method
Vary: Access-Control-Request-Headers
X-Content-Type-Options: nosniff
X-XSS-Protection: 1; mode=block
Cache-Control: no-cache, no-store, max-age=0, must-revalidate
Pragma: no-cache
Expires: 0
X-Frame-Options: DENY
Content-Type: application/json
Transfer-Encoding: chunked
Date: Fri, 11 Oct 2024 06:38:13 GMT
Keep-Alive: timeout=60
Connection: keep-alive

{
    "access_token": "eyJhbGciOiJSUzI1NiIsInR5cCI6IkpXVCJ9.eyJzdWIiOiJmYmRlMDliNS1iYzJkLTRmNTEtYjQ2Zi01MTE2MWZhNWJiNDYiLCJhdWQiOlsib2F1dGgyLXJlc291cmNlIl0sInVzZXJfbmFtZSI6ImZiZGUwOWI1LWJjMmQtNGY1MS1iNDZmLTUxMTYxZmE1YmI0NiIsInNjb3BlIjpbInJlYWQiXSwiZXhwIjoxNzI4NjMyMjkzLCJpYXQiOjE3Mjg2Mjg2OTMsImp0aSI6IjYxNDBiODVhLTY1MjUtNGEzMy04NDgyLWU0MzlkNzE3NTE5ZSIsImNsaWVudF9pZCI6ImYxMzU0OTg2LWU2OTgtNDcxMi1iYTk0LWU5NGIxMGJmMWI1OCJ9.VsAyKTHiEYVjJKFVkBfYOnjrRelWru1KuxEITjgpTDQuNoFu8X23SEjI5VP23iTvX8GNEgvursqL83n03NiU0-ND-NPTIqD9fQlAjWZO17zX-KHztRDaE1kldpMiyUOzgW8UZVGZSZkSjfplpUCYWdXYXB2vVba6AkYKe4048TgVrj9VRYblFsItd6WyGymRSiyO3U9IiF4IJ3VCY9sKjBOVdGu-uBu6lKmzrfFLl6NknZUMiPkgXrZPzBNEuULMk-d8GrqhSGKpwj8X304GCTaMn0Ev9eYJ_vROp20Zs34tsBfBMZeTFCvLFbnP-GG1v5-kjAEv21hfwp8VTdW8DA",
    "refresh_token": "eyJhbGciOiJSUzI1NiIsInR5cCI6IkpXVCJ9.eyJzdWIiOiJmYmRlMDliNS1iYzJkLTRmNTEtYjQ2Zi01MTE2MWZhNWJiNDYiLCJhdWQiOlsib2F1dGgyLXJlc291cmNlIl0sInVzZXJfbmFtZSI6ImZiZGUwOWI1LWJjMmQtNGY1MS1iNDZmLTUxMTYxZmE1YmI0NiIsInNjb3BlIjpbInJlYWQiXSwiYXRpIjoiNjE0MGI4NWEtNjUyNS00YTMzLTg0ODItZTQzOWQ3MTc1MTllIiwiZXhwIjoxNzMxMjIwNjkzLCJpYXQiOjE3Mjg2Mjg2OTMsImp0aSI6ImEyNTcwMWY5LTYwNWMtNDFkZi05NGFjLTZhNmNiNDFhMDUyNiIsImNsaWVudF9pZCI6ImYxMzU0OTg2LWU2OTgtNDcxMi1iYTk0LWU5NGIxMGJmMWI1OCJ9.VBuf01FXWKFF9DvJhFTV5HecQ5SjqO9zDL2odongRQXouGivzYJdrERPBtVoUquKtLZVxVKWCw30qY1kYiEzAsLptwGrfa2bbHWPScD_hxusDQIM61MRe93zYF0hPIgb8skzGkDkDvzsxbHw0K7VtEsREiyi7aDUzh5d1auLBv8wKV-G9VkwYcwaQzzJS14yfuINPm1APv_PP1keNKVetffq74XsjRBbGiV6RdTd2hC_n1d2EBu2at8w7uBzx_wpmamXVhyIMfKH9uAfReDTHDKLY_FnOtFYmbWGOokr7kpl9MFxFBGJNkW3FaLaKe0B0DnoWSm0iUUdveASh0UVLA",
    "expires_in": 3599,
    "token_type": "bearer"
}
13:38:13.177 [main] DEBUG net.thucydides.core.steps.StepInterceptor -- STEP DONE: {0} executes a POST on the resource #resource
get token in response
13:38:13.207 [main] DEBUG net.thucydides.core.steps.StepInterceptor -- STARTING STEP: CreateCategoryTask.performAs - {0} executes a POST on the resource #resource
Request URI:	http://tapi.testek.vn/api/v0/prod-man/category
Body:
{
    "id": null,
    "cateDesc": "testcase create category success",
    "categoryName": "CTT001",
    "status": "AHD"
}
{
    "code": 400,
    "message": "Dữ liệu nhập không hợp lệ",
    "error": "INVALID_INPUT",
    "errors": [
        {
            "field": "status",
            "objectName": null,
            "message": "Invalid input format",
            "error": null
        }
    ]
}
HTTP/1.1 400 
13:38:13.362 [main] DEBUG net.thucydides.core.steps.StepInterceptor -- STEP DONE: {0} executes a POST on the resource #resource
13:38:13.368 [main] DEBUG net.thucydides.core.steps.StepInterceptor -- STARTING STEP: CreateCategoryTestCase.CreateCateWithNameInvalid - {0} should see #description
13:38:13.376 [main] DEBUG net.thucydides.core.steps.StepInterceptor -- STEP DONE: {0} should see #description
13:38:13.383 [main] DEBUG net.thucydides.core.steps.StepInterceptor -- STARTING STEP: CreateCategoryTestCase.CreateCateWithNameInvalid - {0} should see #description
13:38:13.412 [main] DEBUG net.thucydides.core.steps.StepInterceptor -- STEP DONE: {0} should see #description
13:38:13.416 [main] DEBUG net.thucydides.core.steps.StepInterceptor -- STARTING STEP: CreateCategoryTestCase.CreateCateWithNameInvalid - {0} should see #description
13:38:13.439 [main] DEBUG net.thucydides.core.steps.StepInterceptor -- STEP DONE: {0} should see #description
]]></system-out>
  </testcase>
  <testcase name="CreateCateSuccess(CategoryModel)[1]" classname="com.testek.api.features.categoryFeatures.CreateCategoryTestCase" time="1.633">
    <system-out><![CDATA[13:38:13.447 [main] INFO  -- 
  _____   ___   ___   _____     ___     _     ___   ___   ___   ___  
 |_   _| | __| / __| |_   _|   | _ \   /_\   / __| / __| | __| |   \ 
   | |   | _|  \__ \   | |     |  _/  / _ \  \__ \ \__ \ | _|  | |) |
   |_|   |___| |___/   |_|     |_|   /_/ \_\ |___/ |___/ |___| |___/ 

Create cate with name invalid[4] CategoryModel(id=null, cateDesc=testcase create category success, categoryName=CTT001, status=AHD)
----------------------------------------------------------------------
13:38:13.477 [main] DEBUG net.thucydides.core.steps.StepEventBus -- Test suite started for CreateCategoryTestCase in class com.testek.api.features.categoryFeatures.CreateCategoryTestCase
13:38:13.478 [main] INFO  -- Test Suite Started: CreateCategoryTestCase
13:38:13.479 [main] DEBUG net.serenitybdd.junit5.SerenityTestExecutionListener -- Thread[main,5,main] Test started TestIdentifier [uniqueId = [engine:junit-jupiter]/[class:com.testek.api.features.categoryFeatures.CreateCategoryTestCase]/[test-template:CreateCateSuccess(com.testek.api.models.CategoryModel)]/[test-template-invocation:#1], parentId = [engine:junit-jupiter]/[class:com.testek.api.features.categoryFeatures.CreateCategoryTestCase]/[test-template:CreateCateSuccess(com.testek.api.models.CategoryModel)], displayName = '[1] CategoryModel(id=null, cateDesc=testcase create category success, categoryName=CTT001, status=ACTIVE)', legacyReportingName = 'CreateCateSuccess(CategoryModel)[1]', source = MethodSource [className = 'com.testek.api.features.categoryFeatures.CreateCategoryTestCase', methodName = 'CreateCateSuccess', methodParameterTypes = 'com.testek.api.models.CategoryModel'], tags = [], type = TEST]
13:38:13.498 [main] INFO  -- 
  _____   ___   ___   _____     ___   _____     _     ___   _____   ___   ___  
 |_   _| | __| / __| |_   _|   / __| |_   _|   /_\   | _ \ |_   _| | __| |   \ 
   | |   | _|  \__ \   | |     \__ \   | |    / _ \  |   /   | |   | _|  | |) |
   |_|   |___| |___/   |_|     |___/   |_|   /_/ \_\ |_|_\   |_|   |___| |___/ 

Create cate success[1] CategoryModel(id=null, cateDesc=testcase create category success, categoryName=CTT001, status=ACTIVE)([engine:junit-jupiter]/[class:com.testek.api.features.categoryFeatures.CreateCategoryTestCase]/[test-template:CreateCateSuccess(com.testek.api.models.CategoryModel)]/[test-template-invocation:#1])
--------------------------------------------------------------------------------
13:38:13.508 [main] DEBUG net.thucydides.core.steps.StepInterceptor -- STARTING STEP: LoginTask.performAs - {0} executes a POST on the resource #resource
Request URI:	http://tapi.testek.vn/api/v0/prod-man/login-with-local
Body:
{
    "username": "testek",
    "password": "admin"
}
HTTP/1.1 200 
Vary: Origin
Vary: Access-Control-Request-Method
Vary: Access-Control-Request-Headers
X-Content-Type-Options: nosniff
X-XSS-Protection: 1; mode=block
Cache-Control: no-cache, no-store, max-age=0, must-revalidate
Pragma: no-cache
Expires: 0
X-Frame-Options: DENY
Content-Type: application/json
Transfer-Encoding: chunked
Date: Fri, 11 Oct 2024 06:38:15 GMT
Keep-Alive: timeout=60
Connection: keep-alive

{
    "access_token": "eyJhbGciOiJSUzI1NiIsInR5cCI6IkpXVCJ9.eyJzdWIiOiJmYmRlMDliNS1iYzJkLTRmNTEtYjQ2Zi01MTE2MWZhNWJiNDYiLCJhdWQiOlsib2F1dGgyLXJlc291cmNlIl0sInVzZXJfbmFtZSI6ImZiZGUwOWI1LWJjMmQtNGY1MS1iNDZmLTUxMTYxZmE1YmI0NiIsInNjb3BlIjpbInJlYWQiXSwiZXhwIjoxNzI4NjMyMjk1LCJpYXQiOjE3Mjg2Mjg2OTUsImp0aSI6IjZkNTIzYzFmLTNjMWEtNDI4MS1iZTVmLTMwODMzZjk2YWQ5ZCIsImNsaWVudF9pZCI6ImYxMzU0OTg2LWU2OTgtNDcxMi1iYTk0LWU5NGIxMGJmMWI1OCJ9.Mb3UbFdj3atqKn2c_-iz8PewR6sE-9muVpsUU60V2YTmnPwnmXpErvpPKyOIuGO0fB2kfIGd-q9NQovKbnwamij9n6yAQRfxlRBHRLhizM6tIW6zJB4SDNnb4nuvthr4fZFXzMrCA-fmGaNGAuvEOHia9BcXk2it2bUI5hkXU-RxB_WydR_oaxHnIDOIWiKP6NTZ1FAcA1WmaVtC2HxCvLOXuHlIbHNHIBwXDSQpxROYnVrHoyWpU_vHFph3d5gmXc7D3NynW6S-mzda9QaumlrkzzXlTbKjafiogTXShnB0wQnALfz0ywBs_jueFDl2Qcr7nOFhXXNy6yVxlHo5dQ",
    "refresh_token": "eyJhbGciOiJSUzI1NiIsInR5cCI6IkpXVCJ9.eyJzdWIiOiJmYmRlMDliNS1iYzJkLTRmNTEtYjQ2Zi01MTE2MWZhNWJiNDYiLCJhdWQiOlsib2F1dGgyLXJlc291cmNlIl0sInVzZXJfbmFtZSI6ImZiZGUwOWI1LWJjMmQtNGY1MS1iNDZmLTUxMTYxZmE1YmI0NiIsInNjb3BlIjpbInJlYWQiXSwiYXRpIjoiNmQ1MjNjMWYtM2MxYS00MjgxLWJlNWYtMzA4MzNmOTZhZDlkIiwiZXhwIjoxNzMxMjIwNjk1LCJpYXQiOjE3Mjg2Mjg2OTUsImp0aSI6IjQ5YTFlYWU5LTE3NTEtNGFhMi05ZjQ2LTZlOGQwOTVkZTg2YiIsImNsaWVudF9pZCI6ImYxMzU0OTg2LWU2OTgtNDcxMi1iYTk0LWU5NGIxMGJmMWI1OCJ9.ZnBOzsuYUcYWwHIgYAsTWss1WT-gwuY6PP0-wOLb9_CxybyeQSjygfkAES2pNyZeMcrBmGvo44apDHjA9388Y9-JCzkbRh3BiYHj9sOaN_Wzw3Z0pRUw2_DNY5aJgEtCU-B6fonYQjuge28iFi1-EEuSsf1dCafOoRGjWBzqywS9iMTSeBoxeKvMtAKoKEVKGO2D1GWOQMPCABfcBGotrOvs-tQhxNG9LnZTMXrPIWGVIIQSwXZmCBT9TdCdiiaohtdE5HmQSllBzUqxy6J03YbelNyAVu41CPojdj0Q4rMEhezsO_Ea87lcCXVdhWaS1z7swF-92qc1xPmymWZehA",
    "expires_in": 3599,
    "token_type": "bearer"
}
13:38:14.516 [main] DEBUG net.thucydides.core.steps.StepInterceptor -- STEP DONE: {0} executes a POST on the resource #resource
get token in response
13:38:14.542 [main] DEBUG net.thucydides.core.steps.StepInterceptor -- STARTING STEP: CreateCategoryTask.performAs - {0} executes a POST on the resource #resource
Request URI:	http://tapi.testek.vn/api/v0/prod-man/category
Body:
{
    "id": null,
    "cateDesc": "testcase create category success",
    "categoryName": "CTT001",
    "status": "ACTIVE"
}
{
    "code": 200,
    "data": {
        "id": "d6884be9-94e3-445f-8f1e-066811ff84e6",
        "categoryName": "CTT001",
        "cateDesc": "testcase create category success",
        "status": "ACTIVE"
    }
}
HTTP/1.1 201 
13:38:14.712 [main] DEBUG net.thucydides.core.steps.StepInterceptor -- STEP DONE: {0} executes a POST on the resource #resource
13:38:14.716 [main] DEBUG net.thucydides.core.steps.StepInterceptor -- STARTING STEP: CreateCategoryTestCase.CreateCateSuccess - {0} should see #description
13:38:14.722 [main] DEBUG net.thucydides.core.steps.StepInterceptor -- STEP DONE: {0} should see #description
13:38:14.749 [main] DEBUG net.thucydides.core.steps.StepInterceptor -- STARTING STEP: GetDetailCategoryTask.performAs - {0} executes a GET on the resource #resource
Request URI:	http://tapi.testek.vn/api/v0/prod-man/category/d6884be9-94e3-445f-8f1e-066811ff84e6/detail
Body:			<none>
{
    "code": 200,
    "data": {
        "id": "d6884be9-94e3-445f-8f1e-066811ff84e6",
        "categoryName": "CTT001",
        "cateDesc": "testcase create category success",
        "status": "ACTIVE"
    }
}
HTTP/1.1 200 
13:38:14.903 [main] DEBUG net.thucydides.core.steps.StepInterceptor -- STEP DONE: {0} executes a GET on the resource #resource
13:38:14.907 [main] DEBUG net.thucydides.core.steps.StepInterceptor -- STARTING STEP: CreateCategoryTestCase.CreateCateSuccess - {0} should see #description
Category Request: CategoryModel(id=null, cateDesc=testcase create category success, categoryName=CTT001, status=ACTIVE)
Category Response: CategoryModel(id=null, cateDesc=testcase create category success, categoryName=CTT001, status=ACTIVE)
13:38:14.975 [main] DEBUG net.thucydides.core.steps.StepInterceptor -- STEP DONE: {0} should see #description
13:38:14.980 [main] DEBUG net.thucydides.core.steps.StepInterceptor -- STARTING STEP: DeleteCategoryTask.performAs - {0} executes a DELETE on the resource #resource
Request URI:	http://tapi.testek.vn/api/v0/prod-man/category/d6884be9-94e3-445f-8f1e-066811ff84e6?isSoft=false
Body:			<none>
{
    "code": 200,
    "data": "Success"
}
HTTP/1.1 200 
13:38:15.134 [main] DEBUG net.thucydides.core.steps.StepInterceptor -- STEP DONE: {0} executes a DELETE on the resource #resource
]]></system-out>
  </testcase>
  <testcase name="CreateCateSuccess(CategoryModel)[2]" classname="com.testek.api.features.categoryFeatures.CreateCategoryTestCase" time="1.607">
    <system-out><![CDATA[13:38:15.148 [main] INFO  -- 
  _____   ___   ___   _____     ___     _     ___   ___   ___   ___  
 |_   _| | __| / __| |_   _|   | _ \   /_\   / __| / __| | __| |   \ 
   | |   | _|  \__ \   | |     |  _/  / _ \  \__ \ \__ \ | _|  | |) |
   |_|   |___| |___/   |_|     |_|   /_/ \_\ |___/ |___/ |___| |___/ 

Create cate success[1] CategoryModel(id=null, cateDesc=testcase create category success, categoryName=CTT001, status=ACTIVE)
----------------------------------------------------------------------
13:38:15.174 [main] DEBUG net.thucydides.core.steps.StepEventBus -- Test suite started for CreateCategoryTestCase in class com.testek.api.features.categoryFeatures.CreateCategoryTestCase
13:38:15.174 [main] INFO  -- Test Suite Started: CreateCategoryTestCase
13:38:15.174 [main] DEBUG net.serenitybdd.junit5.SerenityTestExecutionListener -- Thread[main,5,main] Test started TestIdentifier [uniqueId = [engine:junit-jupiter]/[class:com.testek.api.features.categoryFeatures.CreateCategoryTestCase]/[test-template:CreateCateSuccess(com.testek.api.models.CategoryModel)]/[test-template-invocation:#2], parentId = [engine:junit-jupiter]/[class:com.testek.api.features.categoryFeatures.CreateCategoryTestCase]/[test-template:CreateCateSuccess(com.testek.api.models.CategoryModel)], displayName = '[2] CategoryModel(id=null, cateDesc=null, categoryName=CTT001, status=ACTIVE)', legacyReportingName = 'CreateCateSuccess(CategoryModel)[2]', source = MethodSource [className = 'com.testek.api.features.categoryFeatures.CreateCategoryTestCase', methodName = 'CreateCateSuccess', methodParameterTypes = 'com.testek.api.models.CategoryModel'], tags = [], type = TEST]
13:38:15.179 [main] INFO  -- 
  _____   ___   ___   _____     ___   _____     _     ___   _____   ___   ___  
 |_   _| | __| / __| |_   _|   / __| |_   _|   /_\   | _ \ |_   _| | __| |   \ 
   | |   | _|  \__ \   | |     \__ \   | |    / _ \  |   /   | |   | _|  | |) |
   |_|   |___| |___/   |_|     |___/   |_|   /_/ \_\ |_|_\   |_|   |___| |___/ 

Create cate success[2] CategoryModel(id=null, cateDesc=null, categoryName=CTT001, status=ACTIVE)([engine:junit-jupiter]/[class:com.testek.api.features.categoryFeatures.CreateCategoryTestCase]/[test-template:CreateCateSuccess(com.testek.api.models.CategoryModel)]/[test-template-invocation:#2])
--------------------------------------------------------------------------------
13:38:15.191 [main] DEBUG net.thucydides.core.steps.StepInterceptor -- STARTING STEP: LoginTask.performAs - {0} executes a POST on the resource #resource
Request URI:	http://tapi.testek.vn/api/v0/prod-man/login-with-local
Body:
{
    "username": "testek",
    "password": "admin"
}
HTTP/1.1 200 
Vary: Origin
Vary: Access-Control-Request-Method
Vary: Access-Control-Request-Headers
X-Content-Type-Options: nosniff
X-XSS-Protection: 1; mode=block
Cache-Control: no-cache, no-store, max-age=0, must-revalidate
Pragma: no-cache
Expires: 0
X-Frame-Options: DENY
Content-Type: application/json
Transfer-Encoding: chunked
Date: Fri, 11 Oct 2024 06:38:16 GMT
Keep-Alive: timeout=60
Connection: keep-alive

{
    "access_token": "eyJhbGciOiJSUzI1NiIsInR5cCI6IkpXVCJ9.eyJzdWIiOiJmYmRlMDliNS1iYzJkLTRmNTEtYjQ2Zi01MTE2MWZhNWJiNDYiLCJhdWQiOlsib2F1dGgyLXJlc291cmNlIl0sInVzZXJfbmFtZSI6ImZiZGUwOWI1LWJjMmQtNGY1MS1iNDZmLTUxMTYxZmE1YmI0NiIsInNjb3BlIjpbInJlYWQiXSwiZXhwIjoxNzI4NjMyMjk2LCJpYXQiOjE3Mjg2Mjg2OTYsImp0aSI6ImE4NzE1ZjA2LTZhM2ItNDBjOC04NDdhLTZmMTUzMzlmMTAxZCIsImNsaWVudF9pZCI6ImYxMzU0OTg2LWU2OTgtNDcxMi1iYTk0LWU5NGIxMGJmMWI1OCJ9.GFJMS8vsiV87r3Upz5Gm34cPesL2eBFOBFmNt4GusIUEMyIyVXUgNPgGl8s1HCpu-LZgFM4kEL_-15XC8h0kSh9itoEybDtyMLKKHAvznBWVrvLwATkYJSiEeY-LAfWW4LI9Y7wJCBa_H-Zp7fjkJXBj0CWzNjKUef2AglrZ4wFrA8Y-h27bCHp7vL5gMx3cnhMFRBv0xEglSBdvo-wjOwB8U74n-arJ5A0pJ1AAftsKNyJRSJ7GqNH63Ub_XA1i4jJS3vQz63WJXYyEzco53i5Flt0AGcmb-DQfd28u0NwH6AqOnOCKnQKIw5qxVIUeY0gi2H3PnSjWVM9YdFzTvw",
    "refresh_token": "eyJhbGciOiJSUzI1NiIsInR5cCI6IkpXVCJ9.eyJzdWIiOiJmYmRlMDliNS1iYzJkLTRmNTEtYjQ2Zi01MTE2MWZhNWJiNDYiLCJhdWQiOlsib2F1dGgyLXJlc291cmNlIl0sInVzZXJfbmFtZSI6ImZiZGUwOWI1LWJjMmQtNGY1MS1iNDZmLTUxMTYxZmE1YmI0NiIsInNjb3BlIjpbInJlYWQiXSwiYXRpIjoiYTg3MTVmMDYtNmEzYi00MGM4LTg0N2EtNmYxNTMzOWYxMDFkIiwiZXhwIjoxNzMxMjIwNjk2LCJpYXQiOjE3Mjg2Mjg2OTYsImp0aSI6IjE0Mjg5MjkxLTE1NGQtNDg4ZC05YzZlLTg0ZWIzMzJhNjljMiIsImNsaWVudF9pZCI6ImYxMzU0OTg2LWU2OTgtNDcxMi1iYTk0LWU5NGIxMGJmMWI1OCJ9.MKFGhXg6UBYl8S2c6I8zcZRk4finvBrHnm6SbndhJlxEcuiE0cVRiOsGRjU4r4cG5l5reeQPF0JxJqwNm5H0y-vn_aZS-dpO7qtG7k7oSN7rSBv2raaG88qn2T_FXMD8kCORnyuX1gvf8uMy5baBsQ_BtoopySgyx3BvR4h_x2MLJ2s-aMpRKudGDGaF9Q56oUaHFAwEClS0jAkcFW_AXjLL7FUMuEsfwIDwmWqdpVI3UOwSFywL9DcsBV0eAaawkINEXspNAapSJBh7M0wMPB-FJTpiSJz1sowgYIyuc3BGNYlCex6fjyxASfk5incGw40kBr0vjTSgBON3lX7scA",
    "expires_in": 3599,
    "token_type": "bearer"
}
13:38:16.230 [main] DEBUG net.thucydides.core.steps.StepInterceptor -- STEP DONE: {0} executes a POST on the resource #resource
get token in response
13:38:16.253 [main] DEBUG net.thucydides.core.steps.StepInterceptor -- STARTING STEP: CreateCategoryTask.performAs - {0} executes a POST on the resource #resource
Request URI:	http://tapi.testek.vn/api/v0/prod-man/category
Body:
{
    "id": null,
    "cateDesc": null,
    "categoryName": "CTT001",
    "status": "ACTIVE"
}
{
    "code": 200,
    "data": {
        "id": "25015853-8e18-4a27-b0cb-10bb50788cd2",
        "categoryName": "CTT001",
        "cateDesc": null,
        "status": "ACTIVE"
    }
}
HTTP/1.1 201 
13:38:16.413 [main] DEBUG net.thucydides.core.steps.StepInterceptor -- STEP DONE: {0} executes a POST on the resource #resource
13:38:16.418 [main] DEBUG net.thucydides.core.steps.StepInterceptor -- STARTING STEP: CreateCategoryTestCase.CreateCateSuccess - {0} should see #description
13:38:16.425 [main] DEBUG net.thucydides.core.steps.StepInterceptor -- STEP DONE: {0} should see #description
13:38:16.446 [main] DEBUG net.thucydides.core.steps.StepInterceptor -- STARTING STEP: GetDetailCategoryTask.performAs - {0} executes a GET on the resource #resource
Request URI:	http://tapi.testek.vn/api/v0/prod-man/category/25015853-8e18-4a27-b0cb-10bb50788cd2/detail
Body:			<none>
{
    "code": 200,
    "data": {
        "id": "25015853-8e18-4a27-b0cb-10bb50788cd2",
        "categoryName": "CTT001",
        "cateDesc": null,
        "status": "ACTIVE"
    }
}
HTTP/1.1 200 
13:38:16.597 [main] DEBUG net.thucydides.core.steps.StepInterceptor -- STEP DONE: {0} executes a GET on the resource #resource
13:38:16.602 [main] DEBUG net.thucydides.core.steps.StepInterceptor -- STARTING STEP: CreateCategoryTestCase.CreateCateSuccess - {0} should see #description
Category Request: CategoryModel(id=null, cateDesc=null, categoryName=CTT001, status=ACTIVE)
Category Response: CategoryModel(id=null, cateDesc=null, categoryName=CTT001, status=ACTIVE)
13:38:16.627 [main] DEBUG net.thucydides.core.steps.StepInterceptor -- STEP DONE: {0} should see #description
13:38:16.632 [main] DEBUG net.thucydides.core.steps.StepInterceptor -- STARTING STEP: DeleteCategoryTask.performAs - {0} executes a DELETE on the resource #resource
Request URI:	http://tapi.testek.vn/api/v0/prod-man/category/25015853-8e18-4a27-b0cb-10bb50788cd2?isSoft=false
Body:			<none>
{
    "code": 200,
    "data": "Success"
}
HTTP/1.1 200 
13:38:16.789 [main] DEBUG net.thucydides.core.steps.StepInterceptor -- STEP DONE: {0} executes a DELETE on the resource #resource
]]></system-out>
  </testcase>
  <testcase name="CreateCateSuccess(CategoryModel)[3]" classname="com.testek.api.features.categoryFeatures.CreateCategoryTestCase" time="1.604">
    <failure type="java.lang.AssertionError"><![CDATA[java.lang.AssertionError: 
Expected: Verify Category response that is equal to: <"CateRes match CateReq">
Actual:   <"CateRes not match CateReq">
	at automation.testek.api@1.0-SNAPSHOT/com.testek.api.features.categoryFeatures.CreateCategoryTestCase.CreateCateSuccess(CreateCategoryTestCase.java:60)
]]></failure>
    <system-out><![CDATA[13:38:16.795 [main] INFO  -- 
  _____   ___   ___   _____     ___     _     ___   ___   ___   ___  
 |_   _| | __| / __| |_   _|   | _ \   /_\   / __| / __| | __| |   \ 
   | |   | _|  \__ \   | |     |  _/  / _ \  \__ \ \__ \ | _|  | |) |
   |_|   |___| |___/   |_|     |_|   /_/ \_\ |___/ |___/ |___| |___/ 

Create cate success[2] CategoryModel(id=null, cateDesc=null, categoryName=CTT001, status=ACTIVE)
----------------------------------------------------------------------
13:38:16.831 [main] DEBUG net.thucydides.core.steps.StepEventBus -- Test suite started for CreateCategoryTestCase in class com.testek.api.features.categoryFeatures.CreateCategoryTestCase
13:38:16.832 [main] INFO  -- Test Suite Started: CreateCategoryTestCase
13:38:16.833 [main] DEBUG net.serenitybdd.junit5.SerenityTestExecutionListener -- Thread[main,5,main] Test started TestIdentifier [uniqueId = [engine:junit-jupiter]/[class:com.testek.api.features.categoryFeatures.CreateCategoryTestCase]/[test-template:CreateCateSuccess(com.testek.api.models.CategoryModel)]/[test-template-invocation:#3], parentId = [engine:junit-jupiter]/[class:com.testek.api.features.categoryFeatures.CreateCategoryTestCase]/[test-template:CreateCateSuccess(com.testek.api.models.CategoryModel)], displayName = '[3] CategoryModel(id=null, cateDesc=testcase create category success, categoryName=CTT001, status=INACTIVE)', legacyReportingName = 'CreateCateSuccess(CategoryModel)[3]', source = MethodSource [className = 'com.testek.api.features.categoryFeatures.CreateCategoryTestCase', methodName = 'CreateCateSuccess', methodParameterTypes = 'com.testek.api.models.CategoryModel'], tags = [], type = TEST]
13:38:16.843 [main] INFO  -- 
  _____   ___   ___   _____     ___   _____     _     ___   _____   ___   ___  
 |_   _| | __| / __| |_   _|   / __| |_   _|   /_\   | _ \ |_   _| | __| |   \ 
   | |   | _|  \__ \   | |     \__ \   | |    / _ \  |   /   | |   | _|  | |) |
   |_|   |___| |___/   |_|     |___/   |_|   /_/ \_\ |_|_\   |_|   |___| |___/ 

Create cate success[3] CategoryModel(id=null, cateDesc=testcase create category success, categoryName=CTT001, status=INACTIVE)([engine:junit-jupiter]/[class:com.testek.api.features.categoryFeatures.CreateCategoryTestCase]/[test-template:CreateCateSuccess(com.testek.api.models.CategoryModel)]/[test-template-invocation:#3])
--------------------------------------------------------------------------------
13:38:16.856 [main] DEBUG net.thucydides.core.steps.StepInterceptor -- STARTING STEP: LoginTask.performAs - {0} executes a POST on the resource #resource
Request URI:	http://tapi.testek.vn/api/v0/prod-man/login-with-local
Body:
{
    "username": "testek",
    "password": "admin"
}
HTTP/1.1 200 
Vary: Origin
Vary: Access-Control-Request-Method
Vary: Access-Control-Request-Headers
X-Content-Type-Options: nosniff
X-XSS-Protection: 1; mode=block
Cache-Control: no-cache, no-store, max-age=0, must-revalidate
Pragma: no-cache
Expires: 0
X-Frame-Options: DENY
Content-Type: application/json
Transfer-Encoding: chunked
Date: Fri, 11 Oct 2024 06:38:18 GMT
Keep-Alive: timeout=60
Connection: keep-alive

{
    "access_token": "eyJhbGciOiJSUzI1NiIsInR5cCI6IkpXVCJ9.eyJzdWIiOiJmYmRlMDliNS1iYzJkLTRmNTEtYjQ2Zi01MTE2MWZhNWJiNDYiLCJhdWQiOlsib2F1dGgyLXJlc291cmNlIl0sInVzZXJfbmFtZSI6ImZiZGUwOWI1LWJjMmQtNGY1MS1iNDZmLTUxMTYxZmE1YmI0NiIsInNjb3BlIjpbInJlYWQiXSwiZXhwIjoxNzI4NjMyMjk4LCJpYXQiOjE3Mjg2Mjg2OTgsImp0aSI6Ijk0MjBiMTcyLTg1M2ItNDJmNS04YzcwLTVjM2E0ZDZlYTAxMSIsImNsaWVudF9pZCI6ImYxMzU0OTg2LWU2OTgtNDcxMi1iYTk0LWU5NGIxMGJmMWI1OCJ9.KUiWCqtypzu4hYyDE2Qgj_krSjiiG0qTu7V0diz8CuZOIhLHdYdHTCDpKdrpqTPLGpMVcmvZafaT6CgSzIbzvveFNvMLbVleIPDnRyrLzf2uYrrp0hcaPQkM0uLS4wzUqQ5-_ECSVAWRYfuLfCHXvP9qzt6s755_YfefY7KaQVdSF-M2PMMDQpOtN4kIf9VkwPjmKBmtxYNWsWmh_X2IgI845aH2ESO6CowJmE2PnP72y1l4DWNcE7_D6y_eRakF-jV2HZvR2q74dDQWk2oR-CnlfZey8laRBLTioFDMv48qM8lmkEPXBsy91XLfBUc4Bnx2PBt4E2njcck2EaLMCQ",
    "refresh_token": "eyJhbGciOiJSUzI1NiIsInR5cCI6IkpXVCJ9.eyJzdWIiOiJmYmRlMDliNS1iYzJkLTRmNTEtYjQ2Zi01MTE2MWZhNWJiNDYiLCJhdWQiOlsib2F1dGgyLXJlc291cmNlIl0sInVzZXJfbmFtZSI6ImZiZGUwOWI1LWJjMmQtNGY1MS1iNDZmLTUxMTYxZmE1YmI0NiIsInNjb3BlIjpbInJlYWQiXSwiYXRpIjoiOTQyMGIxNzItODUzYi00MmY1LThjNzAtNWMzYTRkNmVhMDExIiwiZXhwIjoxNzMxMjIwNjk4LCJpYXQiOjE3Mjg2Mjg2OTgsImp0aSI6IjAzYmZjNDZmLWE5YzYtNGEwYi1hMTUwLWQ3OWZiZDc3YjYwMCIsImNsaWVudF9pZCI6ImYxMzU0OTg2LWU2OTgtNDcxMi1iYTk0LWU5NGIxMGJmMWI1OCJ9.XHtuH2P-XR5tfRfhOJfmZCsE9-rdZd8rhGdddHBv5w5u2ng3unQw1fk7Cqz3dr_3ekYp7uLraGq8FDzuK4MY7dd-pqFPrNyXG_BaDxULWuVRiM7ll51qEIf8rKe_0owFwhw8_drA2Pvmic7o3ITytNCHoj6ohXBe99686Z5f6JEp1fpFPN3qWcSbfCSJZQSC_Qyqk4HxFoeMD6_nfAc8-AVYFwJe88KWmJusDSyNeEj0H1B9oPaIlEpZCWPaH1vC-CCxucX1SG_FXQBVNPbd5vIl3nMGmc2kniOiQxwCTpTnY1Vloq1ACAyer7DDl2ck9ULl4LGTHvTgAbWwjrEE0w",
    "expires_in": 3599,
    "token_type": "bearer"
}
13:38:17.852 [main] DEBUG net.thucydides.core.steps.StepInterceptor -- STEP DONE: {0} executes a POST on the resource #resource
get token in response
13:38:17.875 [main] DEBUG net.thucydides.core.steps.StepInterceptor -- STARTING STEP: CreateCategoryTask.performAs - {0} executes a POST on the resource #resource
Request URI:	http://tapi.testek.vn/api/v0/prod-man/category
Body:
{
    "id": null,
    "cateDesc": "testcase create category success",
    "categoryName": "CTT001",
    "status": "INACTIVE"
}
{
    "code": 200,
    "data": {
        "id": "af94398f-54f9-45e9-b46c-f7a990ffee61",
        "categoryName": "CTT001",
        "cateDesc": "testcase create category success",
        "status": "ACTIVE"
    }
}
HTTP/1.1 201 
13:38:18.035 [main] DEBUG net.thucydides.core.steps.StepInterceptor -- STEP DONE: {0} executes a POST on the resource #resource
13:38:18.040 [main] DEBUG net.thucydides.core.steps.StepInterceptor -- STARTING STEP: CreateCategoryTestCase.CreateCateSuccess - {0} should see #description
13:38:18.050 [main] DEBUG net.thucydides.core.steps.StepInterceptor -- STEP DONE: {0} should see #description
13:38:18.075 [main] DEBUG net.thucydides.core.steps.StepInterceptor -- STARTING STEP: GetDetailCategoryTask.performAs - {0} executes a GET on the resource #resource
Request URI:	http://tapi.testek.vn/api/v0/prod-man/category/af94398f-54f9-45e9-b46c-f7a990ffee61/detail
Body:			<none>
{
    "code": 200,
    "data": {
        "id": "af94398f-54f9-45e9-b46c-f7a990ffee61",
        "categoryName": "CTT001",
        "cateDesc": "testcase create category success",
        "status": "ACTIVE"
    }
}
HTTP/1.1 200 
13:38:18.218 [main] DEBUG net.thucydides.core.steps.StepInterceptor -- STEP DONE: {0} executes a GET on the resource #resource
13:38:18.221 [main] DEBUG net.thucydides.core.steps.StepInterceptor -- STARTING STEP: CreateCategoryTestCase.CreateCateSuccess - {0} should see #description
Category Request: CategoryModel(id=null, cateDesc=testcase create category success, categoryName=CTT001, status=INACTIVE)
Category Response: CategoryModel(id=null, cateDesc=testcase create category success, categoryName=CTT001, status=ACTIVE)
13:38:18.293 [main] DEBUG net.thucydides.core.steps.StepInterceptor -- STEP FAILED: {0} should see #description - Expected: Verify Category response that is equal to: <"CateRes match CateReq">
Actual:   <"CateRes not match CateReq">
13:38:18.309 [main] DEBUG net.thucydides.core.steps.StepInterceptor -- STARTING STEP: DeleteCategoryTask.performAs - {0} executes a DELETE on the resource #resource
Request URI:	http://tapi.testek.vn/api/v0/prod-man/category/af94398f-54f9-45e9-b46c-f7a990ffee61?isSoft=false
Body:			<none>
{
    "code": 200,
    "data": "Success"
}
HTTP/1.1 200 
13:38:18.448 [main] DEBUG net.thucydides.core.steps.StepInterceptor -- STEP DONE: {0} executes a DELETE on the resource #resource
]]></system-out>
  </testcase>
</testsuite>