<?xml version="1.0" encoding="UTF-8" standalone="no"?><testsuite errors="0" failures="1" name="com.testek.api.features.categoryFeatures.CreateCategoryTestCase" skipped="0" tests="7" time="2.81" timestamp="2024-10-11 01:38:18"><testcase classname="com.testek.api.features.categoryFeatures.CreateCategoryTestCase" name="CreateCateWithNameInvalid(CategoryModel)"/><testcase classname="com.testek.api.features.categoryFeatures.CreateCategoryTestCase" name="CreateCateSuccess(CategoryModel)"><failure message="Expected: Verify Category response that is equal to: &lt;&quot;CateRes match CateReq&quot;&gt;&#10;Actual:   &lt;&quot;CateRes not match CateReq&quot;&gt;" type="java.lang.AssertionError">Expected: Verify Category response that is equal to: &lt;"CateRes match CateReq"&gt;
Actual:   &lt;"CateRes not match CateReq"&gt;</failure><system-err>Expected: Verify Category response that is equal to: &lt;"CateRes match CateReq"&gt;
Actual:   &lt;"CateRes not match CateReq"&gt;&#13;
automation.testek.api@1.0-SNAPSHOT/com.testek.api.features.categoryFeatures.CreateCategoryTestCase.CreateCateSuccess(CreateCategoryTestCase.java:60)&#13;
</system-err></testcase></testsuite>