<?xml version="1.0" encoding="UTF-8" standalone="no"?><testsuite errors="0" failures="1" name="com.testek.api.features.GetCategoryTestCase" skipped="0" tests="1" time="1.33" timestamp="2024-10-04 10:00:45"><testcase classname="com.testek.api.features.GetCategoryTestCase" name="Get a category bad request"><failure message="Expected: Successfully get categoty by id with status is 200 that is equal to: &lt;400&gt;&#10;Actual:   &lt;405&gt;" type="java.lang.AssertionError">Expected: Successfully get categoty by id with status is 200 that is equal to: &lt;400&gt;
Actual:   &lt;405&gt;</failure><system-err>Expected: Successfully get categoty by id with status is 200 that is equal to: &lt;400&gt;
Actual:   &lt;405&gt;&#13;
com.testek.api.features.GetCategoryTestCase.getACategoryBadRequest(GetCategoryTestCase.java:60)&#13;
</system-err></testcase></testsuite>