<?xml version="1.0" encoding="UTF-8" standalone="no"?><testsuite errors="3" failures="0" name="com.testek.api.features.UpdateCategoryTestCase" skipped="0" tests="3" time="5.86" timestamp="2024-10-05 03:39:33"><testcase classname="com.testek.api.features.UpdateCategoryTestCase" name="UpdateCateNotSuccess(CategoryModel, String, String)"><error message="Cannot invoke &quot;Object.toString()&quot; because the return value of &quot;net.serenitybdd.screenplay.Actor.asksFor(net.serenitybdd.screenplay.Question)&quot; is null" type="java.lang.NullPointerException">Cannot invoke "Object.toString()" because the return value of "net.serenitybdd.screenplay.Actor.asksFor(net.serenitybdd.screenplay.Question)" is null</error><system-err>Cannot invoke "Object.toString()" because the return value of "net.serenitybdd.screenplay.Actor.asksFor(net.serenitybdd.screenplay.Question)" is null&#13;
com.testek.api.features.UpdateCategoryTestCase.UpdateCateNotSuccess(UpdateCategoryTestCase.java:72)&#13;
</system-err></testcase></testsuite>