<?xml version="1.0" encoding="UTF-8" standalone="no"?><testsuite errors="1" failures="1" name="com.testek.api.features.UpdateCategoryTestCase" skipped="0" tests="2" time="6.4" timestamp="2024-10-07 02:44:54"><testcase classname="com.testek.api.features.UpdateCategoryTestCase" name="UpdateCateSuccess(CategoryModel, String)"><error message="Expected: Tạo danh mục active thành công that is equal to: &lt;400&gt;&#10;Actual:   &lt;200&gt;" type="java.lang.AssertionError">Expected: Tạo danh mục active thành công that is equal to: &lt;400&gt;
Actual:   &lt;200&gt;</error><system-err>Expected: Tạo danh mục active thành công that is equal to: &lt;400&gt;
Actual:   &lt;200&gt;&#13;
com.testek.api.features.UpdateCategoryTestCase.UpdateCateSuccess(UpdateCategoryTestCase.java:55)&#13;
</system-err></testcase></testsuite>