<?xml version="1.0" encoding="UTF-8" standalone="no"?><testsuite errors="0" failures="3" name="com.testek.api.features.CreateCategoryTestCase" skipped="0" tests="3" time="5.38" timestamp="2024-10-04 11:06:47"><testcase classname="com.testek.api.features.CreateCategoryTestCase" name="CreateCateNotSuccess(CategoryModel, String, String)"><failure message="Expected: Tạo danh mục thành công khi để trống các trường require that is equal to: &lt;&quot;INVALID_INPUsT&quot;&gt;&#10;Actual:   &lt;&quot;INVALID_INPUT&quot;&gt;" type="java.lang.AssertionError">Expected: Tạo danh mục thành công khi để trống các trường require that is equal to: &lt;"INVALID_INPUsT"&gt;
Actual:   &lt;"INVALID_INPUT"&gt;</failure><system-err>Expected: Tạo danh mục thành công khi để trống các trường require that is equal to: &lt;"INVALID_INPUsT"&gt;
Actual:   &lt;"INVALID_INPUT"&gt;&#13;
com.testek.api.features.CreateCategoryTestCase.CreateCateNotSuccess(CreateCategoryTestCase.java:67)&#13;
</system-err></testcase></testsuite>