<?xml version="1.0" encoding="UTF-8" standalone="no"?><testsuite errors="0" failures="10" name="com.testek.api.features.supplierFeatures.UpdateSupplierTestCase" skipped="0" tests="10" time="8.55" timestamp="2024-10-09 04:41:58"><testcase classname="com.testek.api.features.supplierFeatures.UpdateSupplierTestCase" name="updateSupplierNotSuccess(SupplierModel, int)"><failure message="Expected: a value that is equal to: &lt;400&gt;&#10;Actual:   &lt;200&gt;" type="java.lang.AssertionError">Expected: a value that is equal to: &lt;400&gt;
Actual:   &lt;200&gt;</failure><system-err>Expected: a value that is equal to: &lt;400&gt;
Actual:   &lt;200&gt;&#13;
com.testek.api.features.supplierFeatures.UpdateSupplierTestCase.updateSupplierNotSuccess(UpdateSupplierTestCase.java:75)&#13;
</system-err></testcase><testcase classname="com.testek.api.features.supplierFeatures.UpdateSupplierTestCase" name="updateSupplierSuccess(SupplierModel, String, int)"><failure message="Expected:  that is equal to: &lt;&quot;supplierRes match supplierReq&quot;&gt;&#10;Actual:   &lt;&quot;supplierRes not match supplierReq&quot;&gt;" type="java.lang.AssertionError">Expected:  that is equal to: &lt;"supplierRes match supplierReq"&gt;
Actual:   &lt;"supplierRes not match supplierReq"&gt;</failure><system-err>Expected:  that is equal to: &lt;"supplierRes match supplierReq"&gt;
Actual:   &lt;"supplierRes not match supplierReq"&gt;&#13;
com.testek.api.features.supplierFeatures.UpdateSupplierTestCase.updateSupplierSuccess(UpdateSupplierTestCase.java:62)&#13;
</system-err></testcase></testsuite>