<?xml version="1.0" encoding="UTF-8" standalone="no"?><testsuite errors="0" failures="4" name="com.testek.api.features.projectFeatures.CreateProductTestCase" skipped="0" tests="12" time="12.97" timestamp="2024-10-08 11:24:52"><testcase classname="com.testek.api.features.projectFeatures.CreateProductTestCase" name="createProductNotSuccess(ProductModel, Integer)"><failure message="Expected:  that is equal to: &lt;400&gt;&#10;Actual:   &lt;201&gt;" type="java.lang.AssertionError">Expected:  that is equal to: &lt;400&gt;
Actual:   &lt;201&gt;</failure><system-err>Expected:  that is equal to: &lt;400&gt;
Actual:   &lt;201&gt;&#13;
com.testek.api.features.projectFeatures.CreateProductTestCase.createProductNotSuccess(CreateProductTestCase.java:59)&#13;
</system-err></testcase></testsuite>