<?xml version="1.0" encoding="UTF-8" standalone="no"?><testsuite errors="0" failures="1" name="com.testek.api.features.productFeatures.UpdateProductTestCase" skipped="0" tests="1" time="4.13" timestamp="2024-10-09 10:32:34"><testcase classname="com.testek.api.features.productFeatures.UpdateProductTestCase" name="updateProjectSuccess(ProductModel)"><failure message="Expected:  that is equal to: &lt;400&gt;&#10;Actual:   &lt;200&gt;" type="java.lang.AssertionError">Expected:  that is equal to: &lt;400&gt;
Actual:   &lt;200&gt;</failure><system-err>Expected:  that is equal to: &lt;400&gt;
Actual:   &lt;200&gt;&#13;
com.testek.api.features.productFeatures.UpdateProductTestCase.updateProjectSuccess(UpdateProductTestCase.java:65)&#13;
</system-err></testcase></testsuite>