<?xml version="1.0" encoding="UTF-8" standalone="no"?><testsuite errors="0" failures="2" name="com.testek.api.features.categoryFeatures.GetCategoryTestCase" skipped="0" tests="2" time="6.57" timestamp="2024-10-11 02:47:58"><testcase classname="com.testek.api.features.categoryFeatures.GetCategoryTestCase" name="getDetailCategoryFalse(String, int, String, String)"><failure message="Expected: Verify status code:  that is equal to: &lt;400&gt;&#10;Actual:   &lt;404&gt;" type="java.lang.AssertionError">Expected: Verify status code:  that is equal to: &lt;400&gt;
Actual:   &lt;404&gt;</failure><system-err>Expected: Verify status code:  that is equal to: &lt;400&gt;
Actual:   &lt;404&gt;&#13;
com.testek.api.features.categoryFeatures.GetCategoryTestCase.getDetailCategoryFalse(GetCategoryTestCase.java:57)&#13;
</system-err></testcase></testsuite>