<?xml version="1.0" encoding="UTF-8" standalone="no"?><testsuite errors="0" failures="3" name="com.testek.api.features.categoryFeatures.UpdateCategoryTestCase" skipped="0" tests="4" time="6.08" timestamp="2024-10-11 03:42:34"><testcase classname="com.testek.api.features.categoryFeatures.UpdateCategoryTestCase" name="updateCategorySuccess(CategoryModel)"><failure message="Expected: Verify category response body:  that is equal to: &lt;&quot;CateRes match CateReq&quot;&gt;&#10;Actual:   &lt;&quot;CateRes not match CateReq&quot;&gt;" type="java.lang.AssertionError">Expected: Verify category response body:  that is equal to: &lt;"CateRes match CateReq"&gt;
Actual:   &lt;"CateRes not match CateReq"&gt;</failure><system-err>Expected: Verify category response body:  that is equal to: &lt;"CateRes match CateReq"&gt;
Actual:   &lt;"CateRes not match CateReq"&gt;&#13;
com.testek.api.features.categoryFeatures.UpdateCategoryTestCase.updateCategorySuccess(UpdateCategoryTestCase.java:68)&#13;
</system-err></testcase></testsuite>