<?xml version="1.0" encoding="UTF-8" standalone="no"?><testsuite errors="2" failures="0" name="com.testek.api.features.UpdateCategoryTestCase" skipped="0" tests="2" time="5.56" timestamp="2024-10-04 02:09:07"><testcase classname="com.testek.api.features.UpdateCategoryTestCase" name="UpdateCateSuccess(CategoryModel, String)"><error message="Cannot invoke &quot;Object.toString()&quot; because the return value of &quot;net.serenitybdd.screenplay.Actor.asksFor(net.serenitybdd.screenplay.Question)&quot; is null" type="java.lang.NullPointerException">Cannot invoke "Object.toString()" because the return value of "net.serenitybdd.screenplay.Actor.asksFor(net.serenitybdd.screenplay.Question)" is null</error><system-err>Cannot invoke "Object.toString()" because the return value of "net.serenitybdd.screenplay.Actor.asksFor(net.serenitybdd.screenplay.Question)" is null&#13;
com.testek.api.features.UpdateCategoryTestCase.UpdateCateSuccess(UpdateCategoryTestCase.java:46)&#13;
</system-err></testcase></testsuite>