<?xml version="1.0" encoding="UTF-8" standalone="no"?><testsuite errors="0" failures="1" name="com.testek.api.features.UpdateCategoryTestCase" skipped="0" tests="1" time="5.32" timestamp="2024-10-05 04:06:08"><testcase classname="com.testek.api.features.UpdateCategoryTestCase" name="UpdateCateNotSuccess(CategoryModel, String, String)"><failure message="Expected: Update danh mục khi tên là null that is equal to: &lt;400&gt;&#10;Actual:   &lt;200&gt;" type="java.lang.AssertionError">Expected: Update danh mục khi tên là null that is equal to: &lt;400&gt;
Actual:   &lt;200&gt;</failure><system-err>Expected: Update danh mục khi tên là null that is equal to: &lt;400&gt;
Actual:   &lt;200&gt;&#13;
com.testek.api.features.UpdateCategoryTestCase.UpdateCateNotSuccess(UpdateCategoryTestCase.java:76)&#13;
</system-err></testcase></testsuite>