<?xml version="1.0" encoding="UTF-8" standalone="no"?><testsuite errors="2" failures="1" name="com.testek.api.features.UpdateCategoryTestCase" skipped="0" tests="3" time="5.5" timestamp="2024-10-07 01:56:50"><testcase classname="com.testek.api.features.UpdateCategoryTestCase" name="UpdateCateNotSuccess(CategoryModel, String, String)"><error message="Expected: Update danh mục khi tên là null that is equal to: &lt;400&gt;&#10;Actual:   &lt;200&gt;" type="java.lang.AssertionError">Expected: Update danh mục khi tên là null that is equal to: &lt;400&gt;
Actual:   &lt;200&gt;</error><system-err>Expected: Update danh mục khi tên là null that is equal to: &lt;400&gt;
Actual:   &lt;200&gt;&#13;
com.testek.api.features.UpdateCategoryTestCase.UpdateCateNotSuccess(UpdateCategoryTestCase.java:72)&#13;
</system-err></testcase></testsuite>