<?xml version="1.0" encoding="UTF-8" standalone="no"?><testsuite errors="0" failures="2" name="com.testek.api.features.categoryFeatures.GetCategoryTestCase" skipped="0" tests="2" time="5.62" timestamp="2024-10-11 02:44:53"><testcase classname="com.testek.api.features.categoryFeatures.GetCategoryTestCase" name="getDetailCategoryFalse(String, int, String, String)"><failure message="Expected: Verify message:  that is equal to: &lt;&quot;Category not found: {0}&quot;&gt;&#10;Actual:   &lt;&quot;Dữ liệu nhập không hợp lệ&quot;&gt;" type="java.lang.AssertionError">Expected: Verify message:  that is equal to: &lt;"Category not found: {0}"&gt;
Actual:   &lt;"Dữ liệu nhập không hợp lệ"&gt;</failure><system-err>Expected: Verify message:  that is equal to: &lt;"Category not found: {0}"&gt;
Actual:   &lt;"Dữ liệu nhập không hợp lệ"&gt;&#13;
com.testek.api.features.categoryFeatures.GetCategoryTestCase.getDetailCategoryFalse(GetCategoryTestCase.java:57)&#13;
</system-err></testcase></testsuite>