<?xml version="1.0" encoding="UTF-8" standalone="no"?><testsuite errors="0" failures="2" name="com.testek.api.features.CreateCategoryTestCase" skipped="0" tests="2" time="6.53" timestamp="2024-10-09 02:07:29"><testcase classname="com.testek.api.features.CreateCategoryTestCase" name="CreateCateSuccess(CategoryModel, String)"><failure message="Expected: Tạo danh mục active thành công that is equal to: &lt;&quot;ádad&quot;&gt;&#10;Actual:   &lt;&quot;com.testek.api.models.CategoryModel@c76469bd&quot;&gt;" type="java.lang.AssertionError">Expected: Tạo danh mục active thành công that is equal to: &lt;"ádad"&gt;
Actual:   &lt;"com.testek.api.models.CategoryModel@c76469bd"&gt;</failure><system-err>Expected: Tạo danh mục active thành công that is equal to: &lt;"ádad"&gt;
Actual:   &lt;"com.testek.api.models.CategoryModel@c76469bd"&gt;&#13;
com.testek.api.features.CreateCategoryTestCase.CreateCateSuccess(CreateCategoryTestCase.java:55)&#13;
</system-err></testcase></testsuite>