<?xml version="1.0" encoding="UTF-8" standalone="no"?><testsuite errors="3" failures="0" name="com.testek.api.features.categoryFeatures.UpdateCategoryTestCase" skipped="0" tests="4" time="7.0" timestamp="2024-10-11 03:37:21"><testcase classname="com.testek.api.features.categoryFeatures.UpdateCategoryTestCase" name="updateCategoryNotSuccess(CategoryModel, int)"><error message="No ParameterResolver registered for parameter [int arg1] in method [void com.testek.api.features.categoryFeatures.UpdateCategoryTestCase.updateCategoryNotSuccess(com.testek.api.models.CategoryModel,int)]." type="org.junit.jupiter.api.extension.ParameterResolutionException">No ParameterResolver registered for parameter [int arg1] in method [void com.testek.api.features.categoryFeatures.UpdateCategoryTestCase.updateCategoryNotSuccess(com.testek.api.models.CategoryModel,int)].</error><system-err>No ParameterResolver registered for parameter [int arg1] in method [void com.testek.api.features.categoryFeatures.UpdateCategoryTestCase.updateCategoryNotSuccess(com.testek.api.models.CategoryModel,int)].&#13;
</system-err></testcase></testsuite>