<?xml version="1.0" encoding="UTF-8" standalone="no"?><testsuite errors="0" failures="2" name="com.testek.api.features.CreateCategoryTestCase" skipped="0" tests="2" time="5.84" timestamp="2024-10-04 10:53:54"><testcase classname="com.testek.api.features.CreateCategoryTestCase" name="CreateCateSuccess(CategoryModel, String)"><failure message="Expected: Tạo danh mục active thành công that is equal to: &lt;&quot;ádfuasd&quot;&gt;&#10;Actual:   &lt;&quot;96e2b472-0d09-451d-8589-1f7c10c70757&quot;&gt;" type="java.lang.AssertionError">Expected: Tạo danh mục active thành công that is equal to: &lt;"ádfuasd"&gt;
Actual:   &lt;"96e2b472-0d09-451d-8589-1f7c10c70757"&gt;</failure><system-err>Expected: Tạo danh mục active thành công that is equal to: &lt;"ádfuasd"&gt;
Actual:   &lt;"96e2b472-0d09-451d-8589-1f7c10c70757"&gt;&#13;
com.testek.api.features.CreateCategoryTestCase.CreateCateSuccess(CreateCategoryTestCase.java:54)&#13;
</system-err></testcase></testsuite>