<?xml version="1.0" encoding="UTF-8" standalone="no"?><testsuite errors="0" failures="1" name="com.testek.api.features.LoginTestCase" skipped="0" tests="1" time="5.72" timestamp="2024-10-04 12:05:58"><testcase classname="com.testek.api.features.LoginTestCase" name="Login success"><failure message="Expected: Login Success that is empty&#10;Actual:   &quot;eyJhbGciOiJSUzI1NiIsInR5cCI6IkpXVCJ9.eyJzdWIiOiJmYmRlMDliNS1iYzJkLTRmNTEtYjQ2Zi01MTE2MWZhNWJiNDYiLCJhdWQiOlsib2F1dGgyLXJlc291cmNlIl0sInVzZXJfbmFtZSI6ImZiZGUwOWI1LWJjMmQtNGY1MS1iNDZmLTUxMTYxZmE1YmI0NiIsInNjb3BlIjpbInJlYWQiXSwiZXhwIjoxNzI3OTc4NzY1LCJpYXQiOjE3Mjc5NzUxNjUsImp0aSI6Ijk2ZjgwOTAwLWQ4YTktNGYxNC05NTYyLWE5MGEwMjE3OWRjNCIsImNsaWVudF9pZCI6ImYxMzU0OTg2LWU2OTgtNDcxMi1iYTk0LWU5NGIxMGJmMWI1OCJ9.VUWZ-3nslOe4HlaMIIb2DLr32_rnULeo1sB1NjIQtnDx_FPAWeMxrB7n9uQ_07jMBK_sF2nQsKWltnh-aZiEs6yFU-DZ7kCXILcSoAuZgmhgn-ojlrKLEyNyXyG6dlsg9ljBJ3xxatKhrcAc4iWzVQW4CXbw_JpmAP3874c3rzUss8euurGoy9NMjNQ1P-WtI0MSlAg9OyZqDXVPfujIeKeaRu9N3dIE_La0I77CAek6Q0yRdzdUEm_nCQR_XopWFmG5StTQ-w7iHU5lepwZxwmKg3wN4IzWoT1qOBIeXp3F0nUMV-jHQ_2sJlXcsTkqYGNA5GMYKl7VEVR1zOs66Q&quot;" type="java.lang.AssertionError">Expected: Login Success that is empty
Actual:   "eyJhbGciOiJSUzI1NiIsInR5cCI6IkpXVCJ9.eyJzdWIiOiJmYmRlMDliNS1iYzJkLTRmNTEtYjQ2Zi01MTE2MWZhNWJiNDYiLCJhdWQiOlsib2F1dGgyLXJlc291cmNlIl0sInVzZXJfbmFtZSI6ImZiZGUwOWI1LWJjMmQtNGY1MS1iNDZmLTUxMTYxZmE1YmI0NiIsInNjb3BlIjpbInJlYWQiXSwiZXhwIjoxNzI3OTc4NzY1LCJpYXQiOjE3Mjc5NzUxNjUsImp0aSI6Ijk2ZjgwOTAwLWQ4YTktNGYxNC05NTYyLWE5MGEwMjE3OWRjNCIsImNsaWVudF9pZCI6ImYxMzU0OTg2LWU2OTgtNDcxMi1iYTk0LWU5NGIxMGJmMWI1OCJ9.VUWZ-3nslOe4HlaMIIb2DLr32_rnULeo1sB1NjIQtnDx_FPAWeMxrB7n9uQ_07jMBK_sF2nQsKWltnh-aZiEs6yFU-DZ7kCXILcSoAuZgmhgn-ojlrKLEyNyXyG6dlsg9ljBJ3xxatKhrcAc4iWzVQW4CXbw_JpmAP3874c3rzUss8euurGoy9NMjNQ1P-WtI0MSlAg9OyZqDXVPfujIeKeaRu9N3dIE_La0I77CAek6Q0yRdzdUEm_nCQR_XopWFmG5StTQ-w7iHU5lepwZxwmKg3wN4IzWoT1qOBIeXp3F0nUMV-jHQ_2sJlXcsTkqYGNA5GMYKl7VEVR1zOs66Q"</failure><system-err>Expected: Login Success that is empty
Actual:   "eyJhbGciOiJSUzI1NiIsInR5cCI6IkpXVCJ9.eyJzdWIiOiJmYmRlMDliNS1iYzJkLTRmNTEtYjQ2Zi01MTE2MWZhNWJiNDYiLCJhdWQiOlsib2F1dGgyLXJlc291cmNlIl0sInVzZXJfbmFtZSI6ImZiZGUwOWI1LWJjMmQtNGY1MS1iNDZmLTUxMTYxZmE1YmI0NiIsInNjb3BlIjpbInJlYWQiXSwiZXhwIjoxNzI3OTc4NzY1LCJpYXQiOjE3Mjc5NzUxNjUsImp0aSI6Ijk2ZjgwOTAwLWQ4YTktNGYxNC05NTYyLWE5MGEwMjE3OWRjNCIsImNsaWVudF9pZCI6ImYxMzU0OTg2LWU2OTgtNDcxMi1iYTk0LWU5NGIxMGJmMWI1OCJ9.VUWZ-3nslOe4HlaMIIb2DLr32_rnULeo1sB1NjIQtnDx_FPAWeMxrB7n9uQ_07jMBK_sF2nQsKWltnh-aZiEs6yFU-DZ7kCXILcSoAuZgmhgn-ojlrKLEyNyXyG6dlsg9ljBJ3xxatKhrcAc4iWzVQW4CXbw_JpmAP3874c3rzUss8euurGoy9NMjNQ1P-WtI0MSlAg9OyZqDXVPfujIeKeaRu9N3dIE_La0I77CAek6Q0yRdzdUEm_nCQR_XopWFmG5StTQ-w7iHU5lepwZxwmKg3wN4IzWoT1qOBIeXp3F0nUMV-jHQ_2sJlXcsTkqYGNA5GMYKl7VEVR1zOs66Q"&#13;
com.testek.api.features.LoginTestCase.LoginSuccess(LoginTestCase.java:44)&#13;
</system-err></testcase></testsuite>