<?xml version="1.0" encoding="UTF-8" standalone="no"?><testsuite errors="0" failures="1" name="com.testek.api.features.supplierFeatures.CreateSupplierTestCase" skipped="0" tests="2" time="4.28" timestamp="2024-10-06 12:32:52"><testcase classname="com.testek.api.features.supplierFeatures.CreateSupplierTestCase" name="CreateSupplierSuccess(SupplierModel, String, Integer)"><failure message="Expected: Create supplier success when field not data that is equal to: &lt;201&gt;&#10;Actual:   &lt;400&gt;" type="java.lang.AssertionError">Expected: Create supplier success when field not data that is equal to: &lt;201&gt;
Actual:   &lt;400&gt;</failure><system-err>Expected: Create supplier success when field not data that is equal to: &lt;201&gt;
Actual:   &lt;400&gt;&#13;
com.testek.api.features.supplierFeatures.CreateSupplierTestCase.CreateSupplierSuccess(CreateSupplierTestCase.java:48)&#13;
</system-err></testcase></testsuite>