<?xml version="1.0" encoding="UTF-8" standalone="no"?><testsuite errors="3" failures="0" name="com.testek.api.features.UpdateCategoryTestCase" skipped="0" tests="5" time="6.07" timestamp="2024-10-05 03:14:53"><testcase classname="com.testek.api.features.UpdateCategoryTestCase" name="UpdateCateSuccess(CategoryModel, String)"/><testcase classname="com.testek.api.features.UpdateCategoryTestCase" name="UpdateCateNotSuccess(CategoryModel, String, String)"><error message="No built-in converter for source type com.testek.api.models.CategoryModel and target type java.lang.String" type="org.junit.jupiter.params.converter.ArgumentConversionException">No built-in converter for source type com.testek.api.models.CategoryModel and target type java.lang.String</error><system-err>No built-in converter for source type com.testek.api.models.CategoryModel and target type java.lang.String&#13;
</system-err></testcase></testsuite>