<?xml version="1.0" encoding="UTF-8" standalone="no"?><testsuite errors="1" failures="0" name="com.testek.api.features.LoginTestCase" skipped="0" tests="7" time="3.19" timestamp="2024-10-04 12:01:30"><testcase classname="com.testek.api.features.LoginTestCase" name="TestCaseLogin(AccountModel, String, Integer, String)"><error message="No ParameterResolver registered for parameter [java.lang.String arg3] in method [void com.testek.api.features.LoginTestCase.TestCaseLogin(com.testek.api.models.AccountModel,java.lang.String,java.lang.Integer,java.lang.String)]." type="org.junit.jupiter.api.extension.ParameterResolutionException">No ParameterResolver registered for parameter [java.lang.String arg3] in method [void com.testek.api.features.LoginTestCase.TestCaseLogin(com.testek.api.models.AccountModel,java.lang.String,java.lang.Integer,java.lang.String)].</error><system-err>No ParameterResolver registered for parameter [java.lang.String arg3] in method [void com.testek.api.features.LoginTestCase.TestCaseLogin(com.testek.api.models.AccountModel,java.lang.String,java.lang.Integer,java.lang.String)].&#13;
</system-err></testcase></testsuite>