<?xml version="1.0" encoding="UTF-8" standalone="no"?><testsuite errors="0" failures="3" name="com.testek.api.features.CategoryTestCase" skipped="0" tests="3" time="5.35" timestamp="2024-10-04 10:32:43"><testcase classname="com.testek.api.features.CategoryTestCase" name="CreateCateSuccess(CategoryModel, String)"><failure message="Expected: Tạo danh mục active thành công that is equal to: &lt;201&gt;&#10;Actual:   &lt;401&gt;" type="java.lang.AssertionError">Expected: Tạo danh mục active thành công that is equal to: &lt;201&gt;
Actual:   &lt;401&gt;</failure><system-err>Expected: Tạo danh mục active thành công that is equal to: &lt;201&gt;
Actual:   &lt;401&gt;&#13;
com.testek.api.features.CategoryTestCase.CreateCateSuccess(CategoryTestCase.java:44)&#13;
</system-err></testcase></testsuite>