<?xml version="1.0" encoding="UTF-8" standalone="no"?><testsuite errors="0" failures="1" name="com.testek.api.features.CategoryTestCase" skipped="0" tests="3" time="5.76" timestamp="2024-10-04 10:36:57"><testcase classname="com.testek.api.features.CategoryTestCase" name="CreateCateSuccess(CategoryModel, String)"><failure message="Expected: Tạo danh mục thành công khi để trống các trường option that is equal to: &lt;201&gt;&#10;Actual:   &lt;400&gt;" type="java.lang.AssertionError">Expected: Tạo danh mục thành công khi để trống các trường option that is equal to: &lt;201&gt;
Actual:   &lt;400&gt;</failure><system-err>Expected: Tạo danh mục thành công khi để trống các trường option that is equal to: &lt;201&gt;
Actual:   &lt;400&gt;&#13;
com.testek.api.features.CategoryTestCase.CreateCateSuccess(CategoryTestCase.java:47)&#13;
</system-err></testcase></testsuite>